[10-Mar-2020 19:01:21 Asia/Tokyo] デバッグ：「「「「「「「「「「「「「「「「「「「「「「「「「「「「「「「「「「「「「「「「
[10-Mar-2020 19:01:21 Asia/Tokyo] デバッグ：「　Ajax　
[10-Mar-2020 19:01:21 Asia/Tokyo] デバッグ：「「「「「「「「「「「「「「「「「「「「「「「「「「「「「「「「「「「「「「「「
[10-Mar-2020 19:01:21 Asia/Tokyo] デバッグ：>>>>>>>>>>>>>>>>>>>>>>>>>>>>>>>>>>>>>>>>>>>>>>>> 画面表示処理開始
[10-Mar-2020 19:01:21 Asia/Tokyo] デバッグ：セッションID：fro5p6rratnj5ac1hnpkv01ghg
[10-Mar-2020 19:01:21 Asia/Tokyo] デバッグ：セッション変数の中身：Array
(
    [login_date] => 1583834473
    [login_limit] => 3600
    [user_id] => 7
    [msg_success] => 
)

[10-Mar-2020 19:01:21 Asia/Tokyo] デバッグ：現在日時タイムスタンプ：1583834481
[10-Mar-2020 19:01:21 Asia/Tokyo] デバッグ：ログイン期限日時タイムスタンプ：1583838073
[10-Mar-2020 19:01:21 Asia/Tokyo] デバッグ：ログイン済みユーザーです。
[10-Mar-2020 19:01:21 Asia/Tokyo] デバッグ：ログイン有効期限以内です。
[10-Mar-2020 19:01:21 Asia/Tokyo] デバッグ：POST送信があります。
[10-Mar-2020 19:01:21 Asia/Tokyo] デバッグ：商品ID：2
[10-Mar-2020 19:01:21 Asia/Tokyo] デバッグ：「「「「「「「「「「「「「「「「「「「「「「「「「「「「「「「「「「「「「「「「
[10-Mar-2020 19:01:21 Asia/Tokyo] デバッグ：「　Ajax　
[10-Mar-2020 19:01:21 Asia/Tokyo] デバッグ：「「「「「「「「「「「「「「「「「「「「「「「「「「「「「「「「「「「「「「「「
[10-Mar-2020 19:01:21 Asia/Tokyo] デバッグ：>>>>>>>>>>>>>>>>>>>>>>>>>>>>>>>>>>>>>>>>>>>>>>>> 画面表示処理開始
[10-Mar-2020 19:01:21 Asia/Tokyo] デバッグ：セッションID：8406j4pn4bvedc2it14jk2aka5
[10-Mar-2020 19:01:21 Asia/Tokyo] デバッグ：セッション変数の中身：Array
(
    [login_date] => 1583834473
    [login_limit] => 3600
    [user_id] => 7
    [msg_success] => 
)

[10-Mar-2020 19:01:21 Asia/Tokyo] デバッグ：現在日時タイムスタンプ：1583834481
[10-Mar-2020 19:01:21 Asia/Tokyo] デバッグ：ログイン期限日時タイムスタンプ：1583838073
[10-Mar-2020 19:01:21 Asia/Tokyo] デバッグ：ログイン済みユーザーです。
[10-Mar-2020 19:01:21 Asia/Tokyo] デバッグ：ログイン有効期限以内です。
[10-Mar-2020 19:01:21 Asia/Tokyo] デバッグ：POST送信があります。
[10-Mar-2020 19:01:21 Asia/Tokyo] デバッグ：商品ID：2
[10-Mar-2020 19:01:21 Asia/Tokyo] デバッグ：クエリ成功。
[10-Mar-2020 19:01:21 Asia/Tokyo] デバッグ：1
[10-Mar-2020 19:01:21 Asia/Tokyo] デバッグ：クエリ成功。
[10-Mar-2020 19:01:21 Asia/Tokyo] デバッグ：0
[10-Mar-2020 19:01:21 Asia/Tokyo] デバッグ：クエリ成功。
[10-Mar-2020 19:01:21 Asia/Tokyo] デバッグ：クエリ成功。
[10-Mar-2020 19:01:21 Asia/Tokyo] デバッグ：Ajax処理終了 <<<<<<<<<<<<<<<<<<<<<<<<<<<<<<<<<<<<<<<<<<<<<<<<
[10-Mar-2020 19:01:21 Asia/Tokyo] デバッグ：Ajax処理終了 <<<<<<<<<<<<<<<<<<<<<<<<<<<<<<<<<<<<<<<<<<<<<<<<
[10-Mar-2020 19:23:39 Asia/Tokyo] デバッグ：「「「「「「「「「「「「「「「「「「「「「「「「「「「「「「「「「「「「「「「「
[10-Mar-2020 19:23:39 Asia/Tokyo] デバッグ：「　Ajax　
[10-Mar-2020 19:23:39 Asia/Tokyo] デバッグ：「「「「「「「「「「「「「「「「「「「「「「「「「「「「「「「「「「「「「「「「
[10-Mar-2020 19:23:39 Asia/Tokyo] デバッグ：>>>>>>>>>>>>>>>>>>>>>>>>>>>>>>>>>>>>>>>>>>>>>>>> 画面表示処理開始
[10-Mar-2020 19:23:39 Asia/Tokyo] デバッグ：セッションID：skdu3b33n5p1ard97kv0gjkvqr
[10-Mar-2020 19:23:39 Asia/Tokyo] デバッグ：セッション変数の中身：Array
(
    [login_date] => 1583834473
    [login_limit] => 3600
    [user_id] => 7
    [msg_success] => 
)

[10-Mar-2020 19:23:39 Asia/Tokyo] デバッグ：現在日時タイムスタンプ：1583835819
[10-Mar-2020 19:23:39 Asia/Tokyo] デバッグ：ログイン期限日時タイムスタンプ：1583838073
[10-Mar-2020 19:23:39 Asia/Tokyo] デバッグ：ログイン済みユーザーです。
[10-Mar-2020 19:23:39 Asia/Tokyo] デバッグ：ログイン有効期限以内です。
[10-Mar-2020 19:23:39 Asia/Tokyo] デバッグ：POST送信があります。
[10-Mar-2020 19:23:39 Asia/Tokyo] デバッグ：商品ID：2
[10-Mar-2020 19:23:39 Asia/Tokyo] デバッグ：クエリ成功。
[10-Mar-2020 19:23:39 Asia/Tokyo] デバッグ：1
[10-Mar-2020 19:23:39 Asia/Tokyo] デバッグ：クエリ成功。
[10-Mar-2020 19:23:39 Asia/Tokyo] デバッグ：Ajax処理終了 <<<<<<<<<<<<<<<<<<<<<<<<<<<<<<<<<<<<<<<<<<<<<<<<
[10-Mar-2020 19:23:40 Asia/Tokyo] デバッグ：「「「「「「「「「「「「「「「「「「「「「「「「「「「「「「「「「「「「「「「「
[10-Mar-2020 19:23:40 Asia/Tokyo] デバッグ：「　Ajax　
[10-Mar-2020 19:23:40 Asia/Tokyo] デバッグ：「「「「「「「「「「「「「「「「「「「「「「「「「「「「「「「「「「「「「「「「
[10-Mar-2020 19:23:40 Asia/Tokyo] デバッグ：>>>>>>>>>>>>>>>>>>>>>>>>>>>>>>>>>>>>>>>>>>>>>>>> 画面表示処理開始
[10-Mar-2020 19:23:40 Asia/Tokyo] デバッグ：セッションID：oiuf00a9i67t2lkl2622uae4em
[10-Mar-2020 19:23:40 Asia/Tokyo] デバッグ：セッション変数の中身：Array
(
    [login_date] => 1583834473
    [login_limit] => 3600
    [user_id] => 7
    [msg_success] => 
)

[10-Mar-2020 19:23:40 Asia/Tokyo] デバッグ：現在日時タイムスタンプ：1583835820
[10-Mar-2020 19:23:40 Asia/Tokyo] デバッグ：ログイン期限日時タイムスタンプ：1583838073
[10-Mar-2020 19:23:40 Asia/Tokyo] デバッグ：ログイン済みユーザーです。
[10-Mar-2020 19:23:40 Asia/Tokyo] デバッグ：ログイン有効期限以内です。
[10-Mar-2020 19:23:40 Asia/Tokyo] デバッグ：POST送信があります。
[10-Mar-2020 19:23:40 Asia/Tokyo] デバッグ：商品ID：2
[10-Mar-2020 19:23:40 Asia/Tokyo] デバッグ：クエリ成功。
[10-Mar-2020 19:23:40 Asia/Tokyo] デバッグ：0
[10-Mar-2020 19:23:40 Asia/Tokyo] デバッグ：クエリ成功。
[10-Mar-2020 19:23:40 Asia/Tokyo] デバッグ：Ajax処理終了 <<<<<<<<<<<<<<<<<<<<<<<<<<<<<<<<<<<<<<<<<<<<<<<<
[10-Mar-2020 19:23:40 Asia/Tokyo] デバッグ：「「「「「「「「「「「「「「「「「「「「「「「「「「「「「「「「「「「「「「「「
[10-Mar-2020 19:23:40 Asia/Tokyo] デバッグ：「　Ajax　
[10-Mar-2020 19:23:40 Asia/Tokyo] デバッグ：「「「「「「「「「「「「「「「「「「「「「「「「「「「「「「「「「「「「「「「「
[10-Mar-2020 19:23:40 Asia/Tokyo] デバッグ：>>>>>>>>>>>>>>>>>>>>>>>>>>>>>>>>>>>>>>>>>>>>>>>> 画面表示処理開始
[10-Mar-2020 19:23:40 Asia/Tokyo] デバッグ：セッションID：csjrrs495a6m0crh7v5g7te4l3
[10-Mar-2020 19:23:40 Asia/Tokyo] デバッグ：セッション変数の中身：Array
(
    [login_date] => 1583834473
    [login_limit] => 3600
    [user_id] => 7
    [msg_success] => 
)

[10-Mar-2020 19:23:40 Asia/Tokyo] デバッグ：現在日時タイムスタンプ：1583835820
[10-Mar-2020 19:23:40 Asia/Tokyo] デバッグ：ログイン期限日時タイムスタンプ：1583838073
[10-Mar-2020 19:23:40 Asia/Tokyo] デバッグ：ログイン済みユーザーです。
[10-Mar-2020 19:23:40 Asia/Tokyo] デバッグ：ログイン有効期限以内です。
[10-Mar-2020 19:23:40 Asia/Tokyo] デバッグ：POST送信があります。
[10-Mar-2020 19:23:40 Asia/Tokyo] デバッグ：商品ID：2
[10-Mar-2020 19:23:40 Asia/Tokyo] デバッグ：クエリ成功。
[10-Mar-2020 19:23:40 Asia/Tokyo] デバッグ：1
[10-Mar-2020 19:23:40 Asia/Tokyo] デバッグ：クエリ成功。
[10-Mar-2020 19:23:40 Asia/Tokyo] デバッグ：Ajax処理終了 <<<<<<<<<<<<<<<<<<<<<<<<<<<<<<<<<<<<<<<<<<<<<<<<
[10-Mar-2020 19:23:40 Asia/Tokyo] デバッグ：「「「「「「「「「「「「「「「「「「「「「「「「「「「「「「「「「「「「「「「「
[10-Mar-2020 19:23:40 Asia/Tokyo] デバッグ：「　Ajax　
[10-Mar-2020 19:23:40 Asia/Tokyo] デバッグ：「「「「「「「「「「「「「「「「「「「「「「「「「「「「「「「「「「「「「「「「
[10-Mar-2020 19:23:40 Asia/Tokyo] デバッグ：>>>>>>>>>>>>>>>>>>>>>>>>>>>>>>>>>>>>>>>>>>>>>>>> 画面表示処理開始
[10-Mar-2020 19:23:40 Asia/Tokyo] デバッグ：セッションID：qd92q69l2joo6bcgo3qf8knctp
[10-Mar-2020 19:23:40 Asia/Tokyo] デバッグ：セッション変数の中身：Array
(
    [login_date] => 1583834473
    [login_limit] => 3600
    [user_id] => 7
    [msg_success] => 
)

[10-Mar-2020 19:23:40 Asia/Tokyo] デバッグ：現在日時タイムスタンプ：1583835820
[10-Mar-2020 19:23:40 Asia/Tokyo] デバッグ：ログイン期限日時タイムスタンプ：1583838073
[10-Mar-2020 19:23:40 Asia/Tokyo] デバッグ：ログイン済みユーザーです。
[10-Mar-2020 19:23:40 Asia/Tokyo] デバッグ：ログイン有効期限以内です。
[10-Mar-2020 19:23:40 Asia/Tokyo] デバッグ：POST送信があります。
[10-Mar-2020 19:23:40 Asia/Tokyo] デバッグ：商品ID：2
[10-Mar-2020 19:23:40 Asia/Tokyo] デバッグ：クエリ成功。
[10-Mar-2020 19:23:40 Asia/Tokyo] デバッグ：0
[10-Mar-2020 19:23:40 Asia/Tokyo] デバッグ：クエリ成功。
[10-Mar-2020 19:23:40 Asia/Tokyo] デバッグ：Ajax処理終了 <<<<<<<<<<<<<<<<<<<<<<<<<<<<<<<<<<<<<<<<<<<<<<<<
[10-Mar-2020 19:23:40 Asia/Tokyo] デバッグ：「「「「「「「「「「「「「「「「「「「「「「「「「「「「「「「「「「「「「「「「
[10-Mar-2020 19:23:40 Asia/Tokyo] デバッグ：「　Ajax　
[10-Mar-2020 19:23:40 Asia/Tokyo] デバッグ：「「「「「「「「「「「「「「「「「「「「「「「「「「「「「「「「「「「「「「「「
[10-Mar-2020 19:23:40 Asia/Tokyo] デバッグ：>>>>>>>>>>>>>>>>>>>>>>>>>>>>>>>>>>>>>>>>>>>>>>>> 画面表示処理開始
[10-Mar-2020 19:23:40 Asia/Tokyo] デバッグ：セッションID：tdlh6vqnp5e694hgl0bprkeu52
[10-Mar-2020 19:23:40 Asia/Tokyo] デバッグ：セッション変数の中身：Array
(
    [login_date] => 1583834473
    [login_limit] => 3600
    [user_id] => 7
    [msg_success] => 
)

[10-Mar-2020 19:23:40 Asia/Tokyo] デバッグ：現在日時タイムスタンプ：1583835820
[10-Mar-2020 19:23:40 Asia/Tokyo] デバッグ：ログイン期限日時タイムスタンプ：1583838073
[10-Mar-2020 19:23:40 Asia/Tokyo] デバッグ：ログイン済みユーザーです。
[10-Mar-2020 19:23:40 Asia/Tokyo] デバッグ：ログイン有効期限以内です。
[10-Mar-2020 19:23:40 Asia/Tokyo] デバッグ：POST送信があります。
[10-Mar-2020 19:23:40 Asia/Tokyo] デバッグ：商品ID：2
[10-Mar-2020 19:23:40 Asia/Tokyo] デバッグ：クエリ成功。
[10-Mar-2020 19:23:40 Asia/Tokyo] デバッグ：1
[10-Mar-2020 19:23:40 Asia/Tokyo] デバッグ：クエリ成功。
[10-Mar-2020 19:23:40 Asia/Tokyo] デバッグ：Ajax処理終了 <<<<<<<<<<<<<<<<<<<<<<<<<<<<<<<<<<<<<<<<<<<<<<<<
[10-Mar-2020 19:23:41 Asia/Tokyo] デバッグ：「「「「「「「「「「「「「「「「「「「「「「「「「「「「「「「「「「「「「「「「
[10-Mar-2020 19:23:41 Asia/Tokyo] デバッグ：「　Ajax　
[10-Mar-2020 19:23:41 Asia/Tokyo] デバッグ：「「「「「「「「「「「「「「「「「「「「「「「「「「「「「「「「「「「「「「「「
[10-Mar-2020 19:23:41 Asia/Tokyo] デバッグ：>>>>>>>>>>>>>>>>>>>>>>>>>>>>>>>>>>>>>>>>>>>>>>>> 画面表示処理開始
[10-Mar-2020 19:23:41 Asia/Tokyo] デバッグ：セッションID：cha4lo472h17gh5ue436k4u935
[10-Mar-2020 19:23:41 Asia/Tokyo] デバッグ：セッション変数の中身：Array
(
    [login_date] => 1583834473
    [login_limit] => 3600
    [user_id] => 7
    [msg_success] => 
)

[10-Mar-2020 19:23:41 Asia/Tokyo] デバッグ：現在日時タイムスタンプ：1583835821
[10-Mar-2020 19:23:41 Asia/Tokyo] デバッグ：ログイン期限日時タイムスタンプ：1583838073
[10-Mar-2020 19:23:41 Asia/Tokyo] デバッグ：ログイン済みユーザーです。
[10-Mar-2020 19:23:41 Asia/Tokyo] デバッグ：ログイン有効期限以内です。
[10-Mar-2020 19:23:41 Asia/Tokyo] デバッグ：POST送信があります。
[10-Mar-2020 19:23:41 Asia/Tokyo] デバッグ：商品ID：2
[10-Mar-2020 19:23:41 Asia/Tokyo] デバッグ：クエリ成功。
[10-Mar-2020 19:23:41 Asia/Tokyo] デバッグ：0
[10-Mar-2020 19:23:41 Asia/Tokyo] デバッグ：クエリ成功。
[10-Mar-2020 19:23:41 Asia/Tokyo] デバッグ：Ajax処理終了 <<<<<<<<<<<<<<<<<<<<<<<<<<<<<<<<<<<<<<<<<<<<<<<<
[10-Mar-2020 19:31:26 Asia/Tokyo] デバッグ：「「「「「「「「「「「「「「「「「「「「「「「「「「「「「「「「「「「「「「「「
[10-Mar-2020 19:31:26 Asia/Tokyo] デバッグ：「　トップページ　
[10-Mar-2020 19:31:26 Asia/Tokyo] デバッグ：「「「「「「「「「「「「「「「「「「「「「「「「「「「「「「「「「「「「「「「「
[10-Mar-2020 19:31:26 Asia/Tokyo] デバッグ：>>>>>>>>>>>>>>>>>>>>>>>>>>>>>>>>>>>>>>>>>>>>>>>> 画面表示処理開始
[10-Mar-2020 19:31:26 Asia/Tokyo] デバッグ：セッションID：jj9a82d85v2er1k4oqajha5oln
[10-Mar-2020 19:31:26 Asia/Tokyo] デバッグ：セッション変数の中身：Array
(
    [login_date] => 1583834473
    [login_limit] => 3600
    [user_id] => 7
    [msg_success] => 
)

[10-Mar-2020 19:31:26 Asia/Tokyo] デバッグ：現在日時タイムスタンプ：1583836286
[10-Mar-2020 19:31:26 Asia/Tokyo] デバッグ：ログイン期限日時タイムスタンプ：1583838073
[10-Mar-2020 19:31:26 Asia/Tokyo] デバッグ：商品情報を取得します。
[10-Mar-2020 19:31:26 Asia/Tokyo] デバッグ：クエリ成功。
[10-Mar-2020 19:31:26 Asia/Tokyo] デバッグ：SQL：SELECT * FROM product LIMIT 20 OFFSET 0
[10-Mar-2020 19:31:26 Asia/Tokyo] デバッグ：クエリ成功。
[10-Mar-2020 19:31:26 Asia/Tokyo] デバッグ：カテゴリー情報を取得します。
[10-Mar-2020 19:31:26 Asia/Tokyo] デバッグ：クエリ成功。
[10-Mar-2020 19:31:26 Asia/Tokyo] デバッグ：画面表示処理終了 <<<<<<<<<<<<<<<<<<<<<<<<<<<<<<<<<<<<<<<<<<<<<<<<
[10-Mar-2020 19:44:14 Asia/Tokyo] デバッグ：「「「「「「「「「「「「「「「「「「「「「「「「「「「「「「「「「「「「「「「「
[10-Mar-2020 19:44:14 Asia/Tokyo] デバッグ：「　トップページ　
[10-Mar-2020 19:44:14 Asia/Tokyo] デバッグ：「「「「「「「「「「「「「「「「「「「「「「「「「「「「「「「「「「「「「「「「
[10-Mar-2020 19:44:14 Asia/Tokyo] デバッグ：>>>>>>>>>>>>>>>>>>>>>>>>>>>>>>>>>>>>>>>>>>>>>>>> 画面表示処理開始
[10-Mar-2020 19:44:14 Asia/Tokyo] デバッグ：セッションID：1cf7cenacn2jqh9vn16tv49lp5
[10-Mar-2020 19:44:14 Asia/Tokyo] デバッグ：セッション変数の中身：Array
(
    [login_date] => 1583834473
    [login_limit] => 3600
    [user_id] => 7
    [msg_success] => 
)

[10-Mar-2020 19:44:14 Asia/Tokyo] デバッグ：現在日時タイムスタンプ：1583837054
[10-Mar-2020 19:44:14 Asia/Tokyo] デバッグ：ログイン期限日時タイムスタンプ：1583838073
[10-Mar-2020 19:44:14 Asia/Tokyo] デバッグ：商品情報を取得します。
[10-Mar-2020 19:44:14 Asia/Tokyo] デバッグ：クエリ成功。
[10-Mar-2020 19:44:14 Asia/Tokyo] デバッグ：SQL：SELECT * FROM product WHERE category_id = 2 LIMIT 20 OFFSET 0
[10-Mar-2020 19:44:14 Asia/Tokyo] デバッグ：クエリ成功。
[10-Mar-2020 19:44:14 Asia/Tokyo] デバッグ：カテゴリー情報を取得します。
[10-Mar-2020 19:44:14 Asia/Tokyo] デバッグ：クエリ成功。
[10-Mar-2020 19:44:14 Asia/Tokyo] デバッグ：画面表示処理終了 <<<<<<<<<<<<<<<<<<<<<<<<<<<<<<<<<<<<<<<<<<<<<<<<
[10-Mar-2020 19:44:54 Asia/Tokyo] デバッグ：「「「「「「「「「「「「「「「「「「「「「「「「「「「「「「「「「「「「「「「「
[10-Mar-2020 19:44:54 Asia/Tokyo] デバッグ：「　トップページ　
[10-Mar-2020 19:44:54 Asia/Tokyo] デバッグ：「「「「「「「「「「「「「「「「「「「「「「「「「「「「「「「「「「「「「「「「
[10-Mar-2020 19:44:54 Asia/Tokyo] デバッグ：>>>>>>>>>>>>>>>>>>>>>>>>>>>>>>>>>>>>>>>>>>>>>>>> 画面表示処理開始
[10-Mar-2020 19:44:54 Asia/Tokyo] デバッグ：セッションID：m9uub4rjb1rt9201st5i7t0jfi
[10-Mar-2020 19:44:54 Asia/Tokyo] デバッグ：セッション変数の中身：Array
(
    [login_date] => 1583834473
    [login_limit] => 3600
    [user_id] => 7
    [msg_success] => 
)

[10-Mar-2020 19:44:54 Asia/Tokyo] デバッグ：現在日時タイムスタンプ：1583837094
[10-Mar-2020 19:44:54 Asia/Tokyo] デバッグ：ログイン期限日時タイムスタンプ：1583838073
[10-Mar-2020 19:44:54 Asia/Tokyo] デバッグ：商品情報を取得します。
[10-Mar-2020 19:44:54 Asia/Tokyo] デバッグ：クエリ成功。
[10-Mar-2020 19:44:54 Asia/Tokyo] デバッグ：SQL：SELECT * FROM product WHERE category_id = 2 LIMIT 20 OFFSET 0
[10-Mar-2020 19:44:54 Asia/Tokyo] デバッグ：クエリ成功。
[10-Mar-2020 19:44:54 Asia/Tokyo] デバッグ：カテゴリー情報を取得します。
[10-Mar-2020 19:44:54 Asia/Tokyo] デバッグ：クエリ成功。
[10-Mar-2020 19:44:54 Asia/Tokyo] デバッグ：画面表示処理終了 <<<<<<<<<<<<<<<<<<<<<<<<<<<<<<<<<<<<<<<<<<<<<<<<
[10-Mar-2020 19:44:59 Asia/Tokyo] デバッグ：「「「「「「「「「「「「「「「「「「「「「「「「「「「「「「「「「「「「「「「「
[10-Mar-2020 19:44:59 Asia/Tokyo] デバッグ：「　トップページ　
[10-Mar-2020 19:44:59 Asia/Tokyo] デバッグ：「「「「「「「「「「「「「「「「「「「「「「「「「「「「「「「「「「「「「「「「
[10-Mar-2020 19:44:59 Asia/Tokyo] デバッグ：>>>>>>>>>>>>>>>>>>>>>>>>>>>>>>>>>>>>>>>>>>>>>>>> 画面表示処理開始
[10-Mar-2020 19:44:59 Asia/Tokyo] デバッグ：セッションID：gdhu4nuo5e7l6f3aagnihsed6t
[10-Mar-2020 19:44:59 Asia/Tokyo] デバッグ：セッション変数の中身：Array
(
    [login_date] => 1583834473
    [login_limit] => 3600
    [user_id] => 7
    [msg_success] => 
)

[10-Mar-2020 19:44:59 Asia/Tokyo] デバッグ：現在日時タイムスタンプ：1583837099
[10-Mar-2020 19:44:59 Asia/Tokyo] デバッグ：ログイン期限日時タイムスタンプ：1583838073
[10-Mar-2020 19:44:59 Asia/Tokyo] デバッグ：商品情報を取得します。
[10-Mar-2020 19:44:59 Asia/Tokyo] デバッグ：クエリ成功。
[10-Mar-2020 19:44:59 Asia/Tokyo] デバッグ：SQL：SELECT * FROM product WHERE category_id = 2 ORDER BY price ASC LIMIT 20 OFFSET 0
[10-Mar-2020 19:44:59 Asia/Tokyo] デバッグ：クエリ成功。
[10-Mar-2020 19:44:59 Asia/Tokyo] デバッグ：カテゴリー情報を取得します。
[10-Mar-2020 19:44:59 Asia/Tokyo] デバッグ：クエリ成功。
[10-Mar-2020 19:44:59 Asia/Tokyo] デバッグ：画面表示処理終了 <<<<<<<<<<<<<<<<<<<<<<<<<<<<<<<<<<<<<<<<<<<<<<<<
[10-Mar-2020 19:45:08 Asia/Tokyo] デバッグ：「「「「「「「「「「「「「「「「「「「「「「「「「「「「「「「「「「「「「「「「
[10-Mar-2020 19:45:08 Asia/Tokyo] デバッグ：「　トップページ　
[10-Mar-2020 19:45:08 Asia/Tokyo] デバッグ：「「「「「「「「「「「「「「「「「「「「「「「「「「「「「「「「「「「「「「「「
[10-Mar-2020 19:45:08 Asia/Tokyo] デバッグ：>>>>>>>>>>>>>>>>>>>>>>>>>>>>>>>>>>>>>>>>>>>>>>>> 画面表示処理開始
[10-Mar-2020 19:45:08 Asia/Tokyo] デバッグ：セッションID：kshb20482vjsr5n2c9a94dacs0
[10-Mar-2020 19:45:08 Asia/Tokyo] デバッグ：セッション変数の中身：Array
(
    [login_date] => 1583834473
    [login_limit] => 3600
    [user_id] => 7
    [msg_success] => 
)

[10-Mar-2020 19:45:08 Asia/Tokyo] デバッグ：現在日時タイムスタンプ：1583837108
[10-Mar-2020 19:45:08 Asia/Tokyo] デバッグ：ログイン期限日時タイムスタンプ：1583838073
[10-Mar-2020 19:45:08 Asia/Tokyo] デバッグ：商品情報を取得します。
[10-Mar-2020 19:45:08 Asia/Tokyo] デバッグ：クエリ成功。
[10-Mar-2020 19:45:08 Asia/Tokyo] デバッグ：SQL：SELECT * FROM product WHERE category_id = 2 ORDER BY price ASC LIMIT 20 OFFSET 0
[10-Mar-2020 19:45:08 Asia/Tokyo] デバッグ：クエリ成功。
[10-Mar-2020 19:45:08 Asia/Tokyo] デバッグ：カテゴリー情報を取得します。
[10-Mar-2020 19:45:08 Asia/Tokyo] デバッグ：クエリ成功。
[10-Mar-2020 19:45:08 Asia/Tokyo] デバッグ：画面表示処理終了 <<<<<<<<<<<<<<<<<<<<<<<<<<<<<<<<<<<<<<<<<<<<<<<<
[10-Mar-2020 19:59:24 Asia/Tokyo] デバッグ：「「「「「「「「「「「「「「「「「「「「「「「「「「「「「「「「「「「「「「「「
[10-Mar-2020 19:59:24 Asia/Tokyo] デバッグ：「　トップページ　
[10-Mar-2020 19:59:24 Asia/Tokyo] デバッグ：「「「「「「「「「「「「「「「「「「「「「「「「「「「「「「「「「「「「「「「「
[10-Mar-2020 19:59:24 Asia/Tokyo] デバッグ：>>>>>>>>>>>>>>>>>>>>>>>>>>>>>>>>>>>>>>>>>>>>>>>> 画面表示処理開始
[10-Mar-2020 19:59:24 Asia/Tokyo] デバッグ：セッションID：l5cps7gbf9mrg6vgu2gqh7us9f
[10-Mar-2020 19:59:24 Asia/Tokyo] デバッグ：セッション変数の中身：Array
(
    [login_date] => 1583834473
    [login_limit] => 3600
    [user_id] => 7
    [msg_success] => 
)

[10-Mar-2020 19:59:24 Asia/Tokyo] デバッグ：現在日時タイムスタンプ：1583837964
[10-Mar-2020 19:59:24 Asia/Tokyo] デバッグ：ログイン期限日時タイムスタンプ：1583838073
[10-Mar-2020 19:59:24 Asia/Tokyo] デバッグ：商品情報を取得します。
[10-Mar-2020 19:59:24 Asia/Tokyo] デバッグ：クエリ成功。
[10-Mar-2020 19:59:24 Asia/Tokyo] デバッグ：SQL：SELECT * FROM product LIMIT 20 OFFSET 0
[10-Mar-2020 19:59:24 Asia/Tokyo] デバッグ：クエリ成功。
[10-Mar-2020 19:59:24 Asia/Tokyo] デバッグ：カテゴリー情報を取得します。
[10-Mar-2020 19:59:24 Asia/Tokyo] デバッグ：クエリ成功。
[10-Mar-2020 19:59:24 Asia/Tokyo] デバッグ：画面表示処理終了 <<<<<<<<<<<<<<<<<<<<<<<<<<<<<<<<<<<<<<<<<<<<<<<<
[10-Mar-2020 19:59:26 Asia/Tokyo] デバッグ：「「「「「「「「「「「「「「「「「「「「「「「「「「「「「「「「「「「「「「「「
[10-Mar-2020 19:59:26 Asia/Tokyo] デバッグ：「　マイページ　
[10-Mar-2020 19:59:26 Asia/Tokyo] デバッグ：「「「「「「「「「「「「「「「「「「「「「「「「「「「「「「「「「「「「「「「「
[10-Mar-2020 19:59:26 Asia/Tokyo] デバッグ：>>>>>>>>>>>>>>>>>>>>>>>>>>>>>>>>>>>>>>>>>>>>>>>> 画面表示処理開始
[10-Mar-2020 19:59:26 Asia/Tokyo] デバッグ：セッションID：d1i0fp8t2bld8afpevmraaa067
[10-Mar-2020 19:59:26 Asia/Tokyo] デバッグ：セッション変数の中身：Array
(
    [login_date] => 1583834473
    [login_limit] => 3600
    [user_id] => 7
    [msg_success] => 
)

[10-Mar-2020 19:59:26 Asia/Tokyo] デバッグ：現在日時タイムスタンプ：1583837966
[10-Mar-2020 19:59:26 Asia/Tokyo] デバッグ：ログイン期限日時タイムスタンプ：1583838073
[10-Mar-2020 19:59:26 Asia/Tokyo] デバッグ：ログイン済みユーザーです。
[10-Mar-2020 19:59:26 Asia/Tokyo] デバッグ：ログイン有効期限以内です。
[10-Mar-2020 19:59:26 Asia/Tokyo] デバッグ：自分の商品情報を取得します。
[10-Mar-2020 19:59:26 Asia/Tokyo] デバッグ：ユーザーID：7
[10-Mar-2020 19:59:26 Asia/Tokyo] デバッグ：クエリ成功。
[10-Mar-2020 19:59:26 Asia/Tokyo] デバッグ：自分のmsg情報を取得します。
[10-Mar-2020 19:59:26 Asia/Tokyo] デバッグ：クエリ成功。
[10-Mar-2020 19:59:26 Asia/Tokyo] デバッグ：クエリ成功。
[10-Mar-2020 19:59:26 Asia/Tokyo] デバッグ：クエリ成功。
[10-Mar-2020 19:59:26 Asia/Tokyo] デバッグ：クエリ成功。
[10-Mar-2020 19:59:26 Asia/Tokyo] デバッグ：クエリ成功。
[10-Mar-2020 19:59:26 Asia/Tokyo] デバッグ：クエリ成功。
[10-Mar-2020 19:59:26 Asia/Tokyo] デバッグ：自分のお気に入り情報を取得します。
[10-Mar-2020 19:59:26 Asia/Tokyo] デバッグ：ユーザーID：7
[10-Mar-2020 19:59:26 Asia/Tokyo] デバッグ：クエリ成功。
[10-Mar-2020 19:59:26 Asia/Tokyo] デバッグ：取得した商品データ：Array
(
    [0] => Array
        (
            [id] => 1
            [name] => カタン
            [category_id] => 4
            [comment] => 世界のボードゲームの中で2000万個以上の販売数を誇る、ドイツ発の大ヒットゲームです。

　「カタンの開拓者たち」は、「カタン島」という無人島を舞台に、3～4名のプレイヤーが参加し、島を開拓競争するボードゲームです。開拓地を増やす・街を成長させる・道を拡張する、がメインアクションで、街の数や道の長さを競い合って10点先取した人の1人勝利ゲームです。何をするにも「資源」を消費していきます。
　プレイヤー間で「資源の交易」を行いながら、自分の領地を拡大していきます。この交易が、カタンが人気の理由です。有利に交易/交渉を行っていくために、バランスよく資源を回収したり、特定の資源を独占しにいったり、プレイスタイルは盤によって様々です。例えば道を拡張するために「木材1つ」を手に入れるために、誰かと交易することができます。ここで「木材1つでどれだけ資源を提供してくれるかの交渉」が可能です。この交渉が醍醐味なのです。
            [price] => 4000
            [pic1] => uploads/7c099c3dfb09e8fb9d9b179796b7f90e51c45ef5.jpeg
            [pic2] => uploads/41990025da4f068501fe9858029e72b9819109f4.jpeg
            [pic3] => uploads/5b295353afa47ea824938a5f35d47178f293bffb.jpeg
            [user_id] => 7
            [delete_flg] => 0
            [create_date] => 2020-03-10 03:18:49
            [update_date] => 2020-03-10 03:18:49
        )

    [1] => Array
        (
            [id] => 2
            [name] => カタン
            [category_id] => 4
            [comment] => 世界のボードゲームの中で2000万個以上の販売数を誇る、ドイツ発の大ヒットゲームです。

　「カタンの開拓者たち」は、「カタン島」という無人島を舞台に、3～4名のプレイヤーが参加し、島を開拓競争するボードゲームです。開拓地を増やす・街を成長させる・道を拡張する、がメインアクションで、街の数や道の長さを競い合って10点先取した人の1人勝利ゲームです。何をするにも「資源」を消費していきます。
　プレイヤー間で「資源の交易」を行いながら、自分の領地を拡大していきます。この交易が、カタンが人気の理由です。有利に交易/交渉を行っていくために、バランスよく資源を回収したり、特定の資源を独占しにいったり、プレイスタイルは盤によって様々です。例えば道を拡張するために「木材1つ」を手に入れるために、誰かと交易することができます。ここで「木材1つでどれだけ資源を提供してくれるかの交渉」が可能です。この交渉が醍醐味なのです。
            [price] => 4000
            [pic1] => uploads/7c099c3dfb09e8fb9d9b179796b7f90e51c45ef5.jpeg
            [pic2] => uploads/41990025da4f068501fe9858029e72b9819109f4.jpeg
            [pic3] => uploads/5b295353afa47ea824938a5f35d47178f293bffb.jpeg
            [user_id] => 7
            [delete_flg] => 0
            [create_date] => 2020-03-10 03:18:49
            [update_date] => 2020-03-10 03:18:49
        )

    [2] => Array
        (
            [id] => 3
            [name] => カタン
            [category_id] => 4
            [comment] => 世界のボードゲームの中で2000万個以上の販売数を誇る、ドイツ発の大ヒットゲームです。

　「カタンの開拓者たち」は、「カタン島」という無人島を舞台に、3～4名のプレイヤーが参加し、島を開拓競争するボードゲームです。開拓地を増やす・街を成長させる・道を拡張する、がメインアクションで、街の数や道の長さを競い合って10点先取した人の1人勝利ゲームです。何をするにも「資源」を消費していきます。
　プレイヤー間で「資源の交易」を行いながら、自分の領地を拡大していきます。この交易が、カタンが人気の理由です。有利に交易/交渉を行っていくために、バランスよく資源を回収したり、特定の資源を独占しにいったり、プレイスタイルは盤によって様々です。例えば道を拡張するために「木材1つ」を手に入れるために、誰かと交易することができます。ここで「木材1つでどれだけ資源を提供してくれるかの交渉」が可能です。この交渉が醍醐味なのです。
            [price] => 4000
            [pic1] => uploads/7c099c3dfb09e8fb9d9b179796b7f90e51c45ef5.jpeg
            [pic2] => uploads/41990025da4f068501fe9858029e72b9819109f4.jpeg
            [pic3] => uploads/5b295353afa47ea824938a5f35d47178f293bffb.jpeg
            [user_id] => 7
            [delete_flg] => 0
            [create_date] => 2020-03-10 03:18:49
            [update_date] => 2020-03-10 03:18:49
        )

    [3] => Array
        (
            [id] => 4
            [name] => カタン
            [category_id] => 4
            [comment] => 世界のボードゲームの中で2000万個以上の販売数を誇る、ドイツ発の大ヒットゲームです。

　「カタンの開拓者たち」は、「カタン島」という無人島を舞台に、3～4名のプレイヤーが参加し、島を開拓競争するボードゲームです。開拓地を増やす・街を成長させる・道を拡張する、がメインアクションで、街の数や道の長さを競い合って10点先取した人の1人勝利ゲームです。何をするにも「資源」を消費していきます。
　プレイヤー間で「資源の交易」を行いながら、自分の領地を拡大していきます。この交易が、カタンが人気の理由です。有利に交易/交渉を行っていくために、バランスよく資源を回収したり、特定の資源を独占しにいったり、プレイスタイルは盤によって様々です。例えば道を拡張するために「木材1つ」を手に入れるために、誰かと交易することができます。ここで「木材1つでどれだけ資源を提供してくれるかの交渉」が可能です。この交渉が醍醐味なのです。
            [price] => 4000
            [pic1] => uploads/7c099c3dfb09e8fb9d9b179796b7f90e51c45ef5.jpeg
            [pic2] => uploads/41990025da4f068501fe9858029e72b9819109f4.jpeg
            [pic3] => uploads/5b295353afa47ea824938a5f35d47178f293bffb.jpeg
            [user_id] => 7
            [delete_flg] => 0
            [create_date] => 2020-03-10 03:18:49
            [update_date] => 2020-03-10 03:18:49
        )

)

[10-Mar-2020 19:59:26 Asia/Tokyo] デバッグ：取得した掲示板データ：Array
(
    [0] => Array
        (
            [id] => 1
            [sale_user] => 7
            [buy_user] => 6
            [product_id] => 1
            [delete_flg] => 0
            [create_date] => 2020-03-10 15:59:40
            [update_date] => 2020-03-10 15:59:40
            [msg] => Array
                (
                )

        )

    [1] => Array
        (
            [id] => 2
            [sale_user] => 7
            [buy_user] => 6
            [product_id] => 1
            [delete_flg] => 0
            [create_date] => 2020-03-10 16:00:19
            [update_date] => 2020-03-10 16:00:19
            [msg] => Array
                (
                )

        )

    [2] => Array
        (
            [id] => 3
            [sale_user] => 7
            [buy_user] => 6
            [product_id] => 1
            [delete_flg] => 0
            [create_date] => 2020-03-10 16:26:03
            [update_date] => 2020-03-10 16:26:03
            [msg] => Array
                (
                    [0] => Array
                        (
                            [id] => 1
                            [bord_id] => 3
                            [send_date] => 2020-03-10 00:00:00
                            [to_user] => 7
                            [from_user] => 6
                            [msg] => asdfa
                            [delete_flg] => 0
                            [create_date] => 2020-03-10 00:00:00
                            [update_date] => 2020-03-10 16:25:51
                        )

                )

        )

    [3] => Array
        (
            [id] => 16
            [sale_user] => 7
            [buy_user] => 6
            [product_id] => 1
            [delete_flg] => 0
            [create_date] => 2020-03-10 17:54:15
            [update_date] => 2020-03-10 17:54:15
            [msg] => Array
                (
                )

        )

    [4] => Array
        (
            [id] => 17
            [sale_user] => 7
            [buy_user] => 6
            [product_id] => 1
            [delete_flg] => 0
            [create_date] => 2020-03-10 17:54:51
            [update_date] => 2020-03-10 17:54:51
            [msg] => Array
                (
                    [0] => Array
                        (
                            [id] => 11
                            [bord_id] => 17
                            [send_date] => 2020-03-10 18:04:44
                            [to_user] => 6
                            [from_user] => 7
                            [msg] => sfffsffassfffsffassfffsffassfffsffas
                            [delete_flg] => 0
                            [create_date] => 2020-03-10 18:04:44
                            [update_date] => 2020-03-10 18:04:44
                        )

                    [1] => Array
                        (
                            [id] => 10
                            [bord_id] => 17
                            [send_date] => 2020-03-10 18:04:41
                            [to_user] => 6
                            [from_user] => 7
                            [msg] => sfffsffas
                            [delete_flg] => 0
                            [create_date] => 2020-03-10 18:04:41
                            [update_date] => 2020-03-10 18:04:41
                        )

                    [2] => Array
                        (
                            [id] => 9
                            [bord_id] => 17
                            [send_date] => 2020-03-10 18:04:16
                            [to_user] => 7
                            [from_user] => 6
                            [msg] => asdfasdfaasdfasdfaasdfasdfaasdfasdfaasdfasdfaasdfasdfaasdfasdfaasdfasdfaasdfasdfaasdfasdfaasdfasdfaasdfasdfaasdfasdfaasdfasdfaasdfasdfa
                            [delete_flg] => 0
                            [create_date] => 2020-03-10 18:04:16
                            [update_date] => 2020-03-10 18:04:16
                        )

                    [3] => Array
                        (
                            [id] => 8
                            [bord_id] => 17
                            [send_date] => 2020-03-10 18:04:13
                            [to_user] => 7
                            [from_user] => 6
                            [msg] => asdfasdfaasdfasdfaasdfasdfaasdfasdfaasdfasdfaasdfasdfaasdfasdfaasdfasdfaasdfasdfaasdfasdfaasdfasdfaasdfasdfa
                            [delete_flg] => 0
                            [create_date] => 2020-03-10 18:04:13
                            [update_date] => 2020-03-10 18:04:13
                        )

                    [4] => Array
                        (
                            [id] => 7
                            [bord_id] => 17
                            [send_date] => 2020-03-10 18:04:08
                            [to_user] => 7
                            [from_user] => 6
                            [msg] => asdfasdfaasdfasdfaasdfasdfaasdfasdfaasdfasdfaasdfasdfaasdfasdfaasdfasdfaasdfasdfa
                            [delete_flg] => 0
                            [create_date] => 2020-03-10 18:04:08
                            [update_date] => 2020-03-10 18:04:08
                        )

                    [5] => Array
                        (
                            [id] => 6
                            [bord_id] => 17
                            [send_date] => 2020-03-10 18:04:01
                            [to_user] => 7
                            [from_user] => 6
                            [msg] => asdfasdfaasdfasdfaasdfasdfaasdfasdfaasdfasdfaasdfasdfaasdfasdfaasdfasdfaasdfasdfaasdfasdfaasdfasdfaasdfasdfaasdfasdfaasdfasdfaasdfasdfaasdfasdfaasdfasdfaasdfasdfaasdfasdfaasdfasdfaasdfasdfa
                            [delete_flg] => 0
                            [create_date] => 2020-03-10 18:04:01
                            [update_date] => 2020-03-10 18:04:01
                        )

                    [6] => Array
                        (
                            [id] => 5
                            [bord_id] => 17
                            [send_date] => 2020-03-10 18:03:42
                            [to_user] => 7
                            [from_user] => 6
                            [msg] => assd
                            [delete_flg] => 0
                            [create_date] => 2020-03-10 18:03:42
                            [update_date] => 2020-03-10 18:03:42
                        )

                    [7] => Array
                        (
                            [id] => 4
                            [bord_id] => 17
                            [send_date] => 2020-03-10 18:03:41
                            [to_user] => 7
                            [from_user] => 6
                            [msg] => sdfsdfa
                            [delete_flg] => 0
                            [create_date] => 2020-03-10 18:03:41
                            [update_date] => 2020-03-10 18:03:41
                        )

                    [8] => Array
                        (
                            [id] => 3
                            [bord_id] => 17
                            [send_date] => 2020-03-10 18:03:39
                            [to_user] => 7
                            [from_user] => 6
                            [msg] => sdfasd
                            [delete_flg] => 0
                            [create_date] => 2020-03-10 18:03:39
                            [update_date] => 2020-03-10 18:03:39
                        )

                    [9] => Array
                        (
                            [id] => 2
                            [bord_id] => 17
                            [send_date] => 2020-03-10 17:55:00
                            [to_user] => 7
                            [from_user] => 6
                            [msg] => asdfsf
                            [delete_flg] => 0
                            [create_date] => 2020-03-10 17:55:00
                            [update_date] => 2020-03-10 17:55:00
                        )

                )

        )

)

[10-Mar-2020 19:59:26 Asia/Tokyo] デバッグ：取得したお気に入りデータ：Array
(
    [0] => Array
        (
            [product_id] => 2
            [user_id] => 7
            [delete_flg] => 0
            [create_date] => 2020-03-10 03:18:49
            [update_date] => 2020-03-10 03:18:49
            [id] => 2
            [name] => カタン
            [category_id] => 4
            [comment] => 世界のボードゲームの中で2000万個以上の販売数を誇る、ドイツ発の大ヒットゲームです。

　「カタンの開拓者たち」は、「カタン島」という無人島を舞台に、3～4名のプレイヤーが参加し、島を開拓競争するボードゲームです。開拓地を増やす・街を成長させる・道を拡張する、がメインアクションで、街の数や道の長さを競い合って10点先取した人の1人勝利ゲームです。何をするにも「資源」を消費していきます。
　プレイヤー間で「資源の交易」を行いながら、自分の領地を拡大していきます。この交易が、カタンが人気の理由です。有利に交易/交渉を行っていくために、バランスよく資源を回収したり、特定の資源を独占しにいったり、プレイスタイルは盤によって様々です。例えば道を拡張するために「木材1つ」を手に入れるために、誰かと交易することができます。ここで「木材1つでどれだけ資源を提供してくれるかの交渉」が可能です。この交渉が醍醐味なのです。
            [price] => 4000
            [pic1] => uploads/7c099c3dfb09e8fb9d9b179796b7f90e51c45ef5.jpeg
            [pic2] => uploads/41990025da4f068501fe9858029e72b9819109f4.jpeg
            [pic3] => uploads/5b295353afa47ea824938a5f35d47178f293bffb.jpeg
        )

)

[10-Mar-2020 19:59:26 Asia/Tokyo] デバッグ：画面表示処理終了 <<<<<<<<<<<<<<<<<<<<<<<<<<<<<<<<<<<<<<<<<<<<<<<<
[11-Mar-2020 12:30:32 Asia/Tokyo] デバッグ：「「「「「「「「「「「「「「「「「「「「「「「「「「「「「「「「「「「「「「「「
[11-Mar-2020 12:30:32 Asia/Tokyo] デバッグ：「　マイページ　
[11-Mar-2020 12:30:32 Asia/Tokyo] デバッグ：「「「「「「「「「「「「「「「「「「「「「「「「「「「「「「「「「「「「「「「「
[11-Mar-2020 12:30:32 Asia/Tokyo] デバッグ：>>>>>>>>>>>>>>>>>>>>>>>>>>>>>>>>>>>>>>>>>>>>>>>> 画面表示処理開始
[11-Mar-2020 12:30:32 Asia/Tokyo] デバッグ：セッションID：l86pb5k7ere2492vvc2vdk8nrs
[11-Mar-2020 12:30:32 Asia/Tokyo] デバッグ：セッション変数の中身：Array
(
    [login_date] => 1583837966
    [login_limit] => 3600
    [user_id] => 7
    [msg_success] => 
)

[11-Mar-2020 12:30:32 Asia/Tokyo] デバッグ：現在日時タイムスタンプ：1583897432
[11-Mar-2020 12:30:32 Asia/Tokyo] デバッグ：ログイン期限日時タイムスタンプ：1583841566
[11-Mar-2020 12:30:32 Asia/Tokyo] デバッグ：ログイン済みユーザーです。
[11-Mar-2020 12:30:32 Asia/Tokyo] デバッグ：ログイン有効期限オーバーです。
[11-Mar-2020 12:30:32 Asia/Tokyo] デバッグ：自分の商品情報を取得します。
[11-Mar-2020 12:30:32 Asia/Tokyo] デバッグ：ユーザーID：7
[11-Mar-2020 12:30:32 Asia/Tokyo] デバッグ：クエリ成功。
[11-Mar-2020 12:30:32 Asia/Tokyo] デバッグ：自分のmsg情報を取得します。
[11-Mar-2020 12:30:32 Asia/Tokyo] デバッグ：クエリ成功。
[11-Mar-2020 12:30:32 Asia/Tokyo] デバッグ：クエリ成功。
[11-Mar-2020 12:30:32 Asia/Tokyo] デバッグ：クエリ成功。
[11-Mar-2020 12:30:32 Asia/Tokyo] デバッグ：クエリ成功。
[11-Mar-2020 12:30:32 Asia/Tokyo] デバッグ：クエリ成功。
[11-Mar-2020 12:30:32 Asia/Tokyo] デバッグ：クエリ成功。
[11-Mar-2020 12:30:32 Asia/Tokyo] デバッグ：自分のお気に入り情報を取得します。
[11-Mar-2020 12:30:32 Asia/Tokyo] デバッグ：ユーザーID：7
[11-Mar-2020 12:30:32 Asia/Tokyo] デバッグ：クエリ成功。
[11-Mar-2020 12:30:32 Asia/Tokyo] デバッグ：取得した商品データ：Array
(
    [0] => Array
        (
            [id] => 1
            [name] => カタン
            [category_id] => 4
            [comment] => 世界のボードゲームの中で2000万個以上の販売数を誇る、ドイツ発の大ヒットゲームです。

　「カタンの開拓者たち」は、「カタン島」という無人島を舞台に、3～4名のプレイヤーが参加し、島を開拓競争するボードゲームです。開拓地を増やす・街を成長させる・道を拡張する、がメインアクションで、街の数や道の長さを競い合って10点先取した人の1人勝利ゲームです。何をするにも「資源」を消費していきます。
　プレイヤー間で「資源の交易」を行いながら、自分の領地を拡大していきます。この交易が、カタンが人気の理由です。有利に交易/交渉を行っていくために、バランスよく資源を回収したり、特定の資源を独占しにいったり、プレイスタイルは盤によって様々です。例えば道を拡張するために「木材1つ」を手に入れるために、誰かと交易することができます。ここで「木材1つでどれだけ資源を提供してくれるかの交渉」が可能です。この交渉が醍醐味なのです。
            [price] => 4000
            [pic1] => uploads/7c099c3dfb09e8fb9d9b179796b7f90e51c45ef5.jpeg
            [pic2] => uploads/41990025da4f068501fe9858029e72b9819109f4.jpeg
            [pic3] => uploads/5b295353afa47ea824938a5f35d47178f293bffb.jpeg
            [user_id] => 7
            [delete_flg] => 0
            [create_date] => 2020-03-10 03:18:49
            [update_date] => 2020-03-10 03:18:49
        )

    [1] => Array
        (
            [id] => 2
            [name] => カタン
            [category_id] => 4
            [comment] => 世界のボードゲームの中で2000万個以上の販売数を誇る、ドイツ発の大ヒットゲームです。

　「カタンの開拓者たち」は、「カタン島」という無人島を舞台に、3～4名のプレイヤーが参加し、島を開拓競争するボードゲームです。開拓地を増やす・街を成長させる・道を拡張する、がメインアクションで、街の数や道の長さを競い合って10点先取した人の1人勝利ゲームです。何をするにも「資源」を消費していきます。
　プレイヤー間で「資源の交易」を行いながら、自分の領地を拡大していきます。この交易が、カタンが人気の理由です。有利に交易/交渉を行っていくために、バランスよく資源を回収したり、特定の資源を独占しにいったり、プレイスタイルは盤によって様々です。例えば道を拡張するために「木材1つ」を手に入れるために、誰かと交易することができます。ここで「木材1つでどれだけ資源を提供してくれるかの交渉」が可能です。この交渉が醍醐味なのです。
            [price] => 4000
            [pic1] => uploads/7c099c3dfb09e8fb9d9b179796b7f90e51c45ef5.jpeg
            [pic2] => uploads/41990025da4f068501fe9858029e72b9819109f4.jpeg
            [pic3] => uploads/5b295353afa47ea824938a5f35d47178f293bffb.jpeg
            [user_id] => 7
            [delete_flg] => 0
            [create_date] => 2020-03-10 03:18:49
            [update_date] => 2020-03-10 03:18:49
        )

    [2] => Array
        (
            [id] => 3
            [name] => カタン
            [category_id] => 4
            [comment] => 世界のボードゲームの中で2000万個以上の販売数を誇る、ドイツ発の大ヒットゲームです。

　「カタンの開拓者たち」は、「カタン島」という無人島を舞台に、3～4名のプレイヤーが参加し、島を開拓競争するボードゲームです。開拓地を増やす・街を成長させる・道を拡張する、がメインアクションで、街の数や道の長さを競い合って10点先取した人の1人勝利ゲームです。何をするにも「資源」を消費していきます。
　プレイヤー間で「資源の交易」を行いながら、自分の領地を拡大していきます。この交易が、カタンが人気の理由です。有利に交易/交渉を行っていくために、バランスよく資源を回収したり、特定の資源を独占しにいったり、プレイスタイルは盤によって様々です。例えば道を拡張するために「木材1つ」を手に入れるために、誰かと交易することができます。ここで「木材1つでどれだけ資源を提供してくれるかの交渉」が可能です。この交渉が醍醐味なのです。
            [price] => 4000
            [pic1] => uploads/7c099c3dfb09e8fb9d9b179796b7f90e51c45ef5.jpeg
            [pic2] => uploads/41990025da4f068501fe9858029e72b9819109f4.jpeg
            [pic3] => uploads/5b295353afa47ea824938a5f35d47178f293bffb.jpeg
            [user_id] => 7
            [delete_flg] => 0
            [create_date] => 2020-03-10 03:18:49
            [update_date] => 2020-03-10 03:18:49
        )

    [3] => Array
        (
            [id] => 4
            [name] => カタン
            [category_id] => 4
            [comment] => 世界のボードゲームの中で2000万個以上の販売数を誇る、ドイツ発の大ヒットゲームです。

　「カタンの開拓者たち」は、「カタン島」という無人島を舞台に、3～4名のプレイヤーが参加し、島を開拓競争するボードゲームです。開拓地を増やす・街を成長させる・道を拡張する、がメインアクションで、街の数や道の長さを競い合って10点先取した人の1人勝利ゲームです。何をするにも「資源」を消費していきます。
　プレイヤー間で「資源の交易」を行いながら、自分の領地を拡大していきます。この交易が、カタンが人気の理由です。有利に交易/交渉を行っていくために、バランスよく資源を回収したり、特定の資源を独占しにいったり、プレイスタイルは盤によって様々です。例えば道を拡張するために「木材1つ」を手に入れるために、誰かと交易することができます。ここで「木材1つでどれだけ資源を提供してくれるかの交渉」が可能です。この交渉が醍醐味なのです。
            [price] => 4000
            [pic1] => uploads/7c099c3dfb09e8fb9d9b179796b7f90e51c45ef5.jpeg
            [pic2] => uploads/41990025da4f068501fe9858029e72b9819109f4.jpeg
            [pic3] => uploads/5b295353afa47ea824938a5f35d47178f293bffb.jpeg
            [user_id] => 7
            [delete_flg] => 0
            [create_date] => 2020-03-10 03:18:49
            [update_date] => 2020-03-10 03:18:49
        )

)

[11-Mar-2020 12:30:32 Asia/Tokyo] デバッグ：取得した掲示板データ：Array
(
    [0] => Array
        (
            [id] => 1
            [sale_user] => 7
            [buy_user] => 6
            [product_id] => 1
            [delete_flg] => 0
            [create_date] => 2020-03-10 15:59:40
            [update_date] => 2020-03-10 15:59:40
            [msg] => Array
                (
                )

        )

    [1] => Array
        (
            [id] => 2
            [sale_user] => 7
            [buy_user] => 6
            [product_id] => 1
            [delete_flg] => 0
            [create_date] => 2020-03-10 16:00:19
            [update_date] => 2020-03-10 16:00:19
            [msg] => Array
                (
                )

        )

    [2] => Array
        (
            [id] => 3
            [sale_user] => 7
            [buy_user] => 6
            [product_id] => 1
            [delete_flg] => 0
            [create_date] => 2020-03-10 16:26:03
            [update_date] => 2020-03-10 16:26:03
            [msg] => Array
                (
                    [0] => Array
                        (
                            [id] => 1
                            [bord_id] => 3
                            [send_date] => 2020-03-10 00:00:00
                            [to_user] => 7
                            [from_user] => 6
                            [msg] => asdfa
                            [delete_flg] => 0
                            [create_date] => 2020-03-10 00:00:00
                            [update_date] => 2020-03-10 16:25:51
                        )

                )

        )

    [3] => Array
        (
            [id] => 16
            [sale_user] => 7
            [buy_user] => 6
            [product_id] => 1
            [delete_flg] => 0
            [create_date] => 2020-03-10 17:54:15
            [update_date] => 2020-03-10 17:54:15
            [msg] => Array
                (
                )

        )

    [4] => Array
        (
            [id] => 17
            [sale_user] => 7
            [buy_user] => 6
            [product_id] => 1
            [delete_flg] => 0
            [create_date] => 2020-03-10 17:54:51
            [update_date] => 2020-03-10 17:54:51
            [msg] => Array
                (
                    [0] => Array
                        (
                            [id] => 11
                            [bord_id] => 17
                            [send_date] => 2020-03-10 18:04:44
                            [to_user] => 6
                            [from_user] => 7
                            [msg] => sfffsffassfffsffassfffsffassfffsffas
                            [delete_flg] => 0
                            [create_date] => 2020-03-10 18:04:44
                            [update_date] => 2020-03-10 18:04:44
                        )

                    [1] => Array
                        (
                            [id] => 10
                            [bord_id] => 17
                            [send_date] => 2020-03-10 18:04:41
                            [to_user] => 6
                            [from_user] => 7
                            [msg] => sfffsffas
                            [delete_flg] => 0
                            [create_date] => 2020-03-10 18:04:41
                            [update_date] => 2020-03-10 18:04:41
                        )

                    [2] => Array
                        (
                            [id] => 9
                            [bord_id] => 17
                            [send_date] => 2020-03-10 18:04:16
                            [to_user] => 7
                            [from_user] => 6
                            [msg] => asdfasdfaasdfasdfaasdfasdfaasdfasdfaasdfasdfaasdfasdfaasdfasdfaasdfasdfaasdfasdfaasdfasdfaasdfasdfaasdfasdfaasdfasdfaasdfasdfaasdfasdfa
                            [delete_flg] => 0
                            [create_date] => 2020-03-10 18:04:16
                            [update_date] => 2020-03-10 18:04:16
                        )

                    [3] => Array
                        (
                            [id] => 8
                            [bord_id] => 17
                            [send_date] => 2020-03-10 18:04:13
                            [to_user] => 7
                            [from_user] => 6
                            [msg] => asdfasdfaasdfasdfaasdfasdfaasdfasdfaasdfasdfaasdfasdfaasdfasdfaasdfasdfaasdfasdfaasdfasdfaasdfasdfaasdfasdfa
                            [delete_flg] => 0
                            [create_date] => 2020-03-10 18:04:13
                            [update_date] => 2020-03-10 18:04:13
                        )

                    [4] => Array
                        (
                            [id] => 7
                            [bord_id] => 17
                            [send_date] => 2020-03-10 18:04:08
                            [to_user] => 7
                            [from_user] => 6
                            [msg] => asdfasdfaasdfasdfaasdfasdfaasdfasdfaasdfasdfaasdfasdfaasdfasdfaasdfasdfaasdfasdfa
                            [delete_flg] => 0
                            [create_date] => 2020-03-10 18:04:08
                            [update_date] => 2020-03-10 18:04:08
                        )

                    [5] => Array
                        (
                            [id] => 6
                            [bord_id] => 17
                            [send_date] => 2020-03-10 18:04:01
                            [to_user] => 7
                            [from_user] => 6
                            [msg] => asdfasdfaasdfasdfaasdfasdfaasdfasdfaasdfasdfaasdfasdfaasdfasdfaasdfasdfaasdfasdfaasdfasdfaasdfasdfaasdfasdfaasdfasdfaasdfasdfaasdfasdfaasdfasdfaasdfasdfaasdfasdfaasdfasdfaasdfasdfaasdfasdfa
                            [delete_flg] => 0
                            [create_date] => 2020-03-10 18:04:01
                            [update_date] => 2020-03-10 18:04:01
                        )

                    [6] => Array
                        (
                            [id] => 5
                            [bord_id] => 17
                            [send_date] => 2020-03-10 18:03:42
                            [to_user] => 7
                            [from_user] => 6
                            [msg] => assd
                            [delete_flg] => 0
                            [create_date] => 2020-03-10 18:03:42
                            [update_date] => 2020-03-10 18:03:42
                        )

                    [7] => Array
                        (
                            [id] => 4
                            [bord_id] => 17
                            [send_date] => 2020-03-10 18:03:41
                            [to_user] => 7
                            [from_user] => 6
                            [msg] => sdfsdfa
                            [delete_flg] => 0
                            [create_date] => 2020-03-10 18:03:41
                            [update_date] => 2020-03-10 18:03:41
                        )

                    [8] => Array
                        (
                            [id] => 3
                            [bord_id] => 17
                            [send_date] => 2020-03-10 18:03:39
                            [to_user] => 7
                            [from_user] => 6
                            [msg] => sdfasd
                            [delete_flg] => 0
                            [create_date] => 2020-03-10 18:03:39
                            [update_date] => 2020-03-10 18:03:39
                        )

                    [9] => Array
                        (
                            [id] => 2
                            [bord_id] => 17
                            [send_date] => 2020-03-10 17:55:00
                            [to_user] => 7
                            [from_user] => 6
                            [msg] => asdfsf
                            [delete_flg] => 0
                            [create_date] => 2020-03-10 17:55:00
                            [update_date] => 2020-03-10 17:55:00
                        )

                )

        )

)

[11-Mar-2020 12:30:32 Asia/Tokyo] デバッグ：取得したお気に入りデータ：Array
(
    [0] => Array
        (
            [product_id] => 2
            [user_id] => 7
            [delete_flg] => 0
            [create_date] => 2020-03-10 03:18:49
            [update_date] => 2020-03-10 03:18:49
            [id] => 2
            [name] => カタン
            [category_id] => 4
            [comment] => 世界のボードゲームの中で2000万個以上の販売数を誇る、ドイツ発の大ヒットゲームです。

　「カタンの開拓者たち」は、「カタン島」という無人島を舞台に、3～4名のプレイヤーが参加し、島を開拓競争するボードゲームです。開拓地を増やす・街を成長させる・道を拡張する、がメインアクションで、街の数や道の長さを競い合って10点先取した人の1人勝利ゲームです。何をするにも「資源」を消費していきます。
　プレイヤー間で「資源の交易」を行いながら、自分の領地を拡大していきます。この交易が、カタンが人気の理由です。有利に交易/交渉を行っていくために、バランスよく資源を回収したり、特定の資源を独占しにいったり、プレイスタイルは盤によって様々です。例えば道を拡張するために「木材1つ」を手に入れるために、誰かと交易することができます。ここで「木材1つでどれだけ資源を提供してくれるかの交渉」が可能です。この交渉が醍醐味なのです。
            [price] => 4000
            [pic1] => uploads/7c099c3dfb09e8fb9d9b179796b7f90e51c45ef5.jpeg
            [pic2] => uploads/41990025da4f068501fe9858029e72b9819109f4.jpeg
            [pic3] => uploads/5b295353afa47ea824938a5f35d47178f293bffb.jpeg
        )

)

[11-Mar-2020 12:30:32 Asia/Tokyo] デバッグ：画面表示処理終了 <<<<<<<<<<<<<<<<<<<<<<<<<<<<<<<<<<<<<<<<<<<<<<<<
[11-Mar-2020 12:30:32 Asia/Tokyo] デバッグ：「「「「「「「「「「「「「「「「「「「「「「「「「「「「「「「「「「「「「「「「
[11-Mar-2020 12:30:32 Asia/Tokyo] デバッグ：「　ログインページ　
[11-Mar-2020 12:30:32 Asia/Tokyo] デバッグ：「「「「「「「「「「「「「「「「「「「「「「「「「「「「「「「「「「「「「「「「
[11-Mar-2020 12:30:32 Asia/Tokyo] デバッグ：>>>>>>>>>>>>>>>>>>>>>>>>>>>>>>>>>>>>>>>>>>>>>>>> 画面表示処理開始
[11-Mar-2020 12:30:32 Asia/Tokyo] デバッグ：セッションID：7fvrqp6thirreg51cufbnbrug6
[11-Mar-2020 12:30:32 Asia/Tokyo] デバッグ：セッション変数の中身：Array
(
)

[11-Mar-2020 12:30:32 Asia/Tokyo] デバッグ：現在日時タイムスタンプ：1583897432
[11-Mar-2020 12:30:32 Asia/Tokyo] デバッグ：未ログインユーザーです。
[11-Mar-2020 12:30:32 Asia/Tokyo] デバッグ：画面表示処理終了 <<<<<<<<<<<<<<<<<<<<<<<<<<<<<<<<<<<<<<<<<<<<<<<<
[11-Mar-2020 12:30:40 Asia/Tokyo] デバッグ：「「「「「「「「「「「「「「「「「「「「「「「「「「「「「「「「「「「「「「「「
[11-Mar-2020 12:30:40 Asia/Tokyo] デバッグ：「　ログインページ　
[11-Mar-2020 12:30:40 Asia/Tokyo] デバッグ：「「「「「「「「「「「「「「「「「「「「「「「「「「「「「「「「「「「「「「「「
[11-Mar-2020 12:30:40 Asia/Tokyo] デバッグ：>>>>>>>>>>>>>>>>>>>>>>>>>>>>>>>>>>>>>>>>>>>>>>>> 画面表示処理開始
[11-Mar-2020 12:30:40 Asia/Tokyo] デバッグ：セッションID：20coohhah6k8c5vmpcktiloru2
[11-Mar-2020 12:30:40 Asia/Tokyo] デバッグ：セッション変数の中身：Array
(
)

[11-Mar-2020 12:30:40 Asia/Tokyo] デバッグ：現在日時タイムスタンプ：1583897440
[11-Mar-2020 12:30:40 Asia/Tokyo] デバッグ：未ログインユーザーです。
[11-Mar-2020 12:30:40 Asia/Tokyo] デバッグ：POST送信があります。
[11-Mar-2020 12:30:40 Asia/Tokyo] デバッグ：バリデーションOKです。
[11-Mar-2020 12:30:40 Asia/Tokyo] デバッグ：クエリ成功。
[11-Mar-2020 12:30:40 Asia/Tokyo] デバッグ：クエリ結果の中身：Array
(
    [password] => $2y$10$EvePtCsCqmMutNG1XJuSbusujqkbO4JlGtBBW/LQDXsvolFEKKusu
    [id] => 7
)

[11-Mar-2020 12:30:41 Asia/Tokyo] デバッグ：パスワードがマッチしました。
[11-Mar-2020 12:30:41 Asia/Tokyo] デバッグ：ログイン保持にチェックはありません。
[11-Mar-2020 12:30:41 Asia/Tokyo] デバッグ：セッション変数の中身：Array
(
    [login_date] => 1583897441
    [login_limit] => 3600
    [user_id] => 7
)

[11-Mar-2020 12:30:41 Asia/Tokyo] デバッグ：マイページへ遷移します。
[11-Mar-2020 12:30:41 Asia/Tokyo] デバッグ：画面表示処理終了 <<<<<<<<<<<<<<<<<<<<<<<<<<<<<<<<<<<<<<<<<<<<<<<<
[11-Mar-2020 12:30:41 Asia/Tokyo] デバッグ：「「「「「「「「「「「「「「「「「「「「「「「「「「「「「「「「「「「「「「「「
[11-Mar-2020 12:30:41 Asia/Tokyo] デバッグ：「　マイページ　
[11-Mar-2020 12:30:41 Asia/Tokyo] デバッグ：「「「「「「「「「「「「「「「「「「「「「「「「「「「「「「「「「「「「「「「「
[11-Mar-2020 12:30:41 Asia/Tokyo] デバッグ：>>>>>>>>>>>>>>>>>>>>>>>>>>>>>>>>>>>>>>>>>>>>>>>> 画面表示処理開始
[11-Mar-2020 12:30:41 Asia/Tokyo] デバッグ：セッションID：k4hba31tu66s9k0141oogs615e
[11-Mar-2020 12:30:41 Asia/Tokyo] デバッグ：セッション変数の中身：Array
(
    [login_date] => 1583897441
    [login_limit] => 3600
    [user_id] => 7
)

[11-Mar-2020 12:30:41 Asia/Tokyo] デバッグ：現在日時タイムスタンプ：1583897441
[11-Mar-2020 12:30:41 Asia/Tokyo] デバッグ：ログイン期限日時タイムスタンプ：1583901041
[11-Mar-2020 12:30:41 Asia/Tokyo] デバッグ：ログイン済みユーザーです。
[11-Mar-2020 12:30:41 Asia/Tokyo] デバッグ：ログイン有効期限以内です。
[11-Mar-2020 12:30:41 Asia/Tokyo] デバッグ：自分の商品情報を取得します。
[11-Mar-2020 12:30:41 Asia/Tokyo] デバッグ：ユーザーID：7
[11-Mar-2020 12:30:41 Asia/Tokyo] デバッグ：クエリ成功。
[11-Mar-2020 12:30:41 Asia/Tokyo] デバッグ：自分のmsg情報を取得します。
[11-Mar-2020 12:30:41 Asia/Tokyo] デバッグ：クエリ成功。
[11-Mar-2020 12:30:41 Asia/Tokyo] デバッグ：クエリ成功。
[11-Mar-2020 12:30:41 Asia/Tokyo] デバッグ：クエリ成功。
[11-Mar-2020 12:30:41 Asia/Tokyo] デバッグ：クエリ成功。
[11-Mar-2020 12:30:41 Asia/Tokyo] デバッグ：クエリ成功。
[11-Mar-2020 12:30:41 Asia/Tokyo] デバッグ：クエリ成功。
[11-Mar-2020 12:30:41 Asia/Tokyo] デバッグ：自分のお気に入り情報を取得します。
[11-Mar-2020 12:30:41 Asia/Tokyo] デバッグ：ユーザーID：7
[11-Mar-2020 12:30:41 Asia/Tokyo] デバッグ：クエリ成功。
[11-Mar-2020 12:30:41 Asia/Tokyo] デバッグ：取得した商品データ：Array
(
    [0] => Array
        (
            [id] => 1
            [name] => カタン
            [category_id] => 4
            [comment] => 世界のボードゲームの中で2000万個以上の販売数を誇る、ドイツ発の大ヒットゲームです。

　「カタンの開拓者たち」は、「カタン島」という無人島を舞台に、3～4名のプレイヤーが参加し、島を開拓競争するボードゲームです。開拓地を増やす・街を成長させる・道を拡張する、がメインアクションで、街の数や道の長さを競い合って10点先取した人の1人勝利ゲームです。何をするにも「資源」を消費していきます。
　プレイヤー間で「資源の交易」を行いながら、自分の領地を拡大していきます。この交易が、カタンが人気の理由です。有利に交易/交渉を行っていくために、バランスよく資源を回収したり、特定の資源を独占しにいったり、プレイスタイルは盤によって様々です。例えば道を拡張するために「木材1つ」を手に入れるために、誰かと交易することができます。ここで「木材1つでどれだけ資源を提供してくれるかの交渉」が可能です。この交渉が醍醐味なのです。
            [price] => 4000
            [pic1] => uploads/7c099c3dfb09e8fb9d9b179796b7f90e51c45ef5.jpeg
            [pic2] => uploads/41990025da4f068501fe9858029e72b9819109f4.jpeg
            [pic3] => uploads/5b295353afa47ea824938a5f35d47178f293bffb.jpeg
            [user_id] => 7
            [delete_flg] => 0
            [create_date] => 2020-03-10 03:18:49
            [update_date] => 2020-03-10 03:18:49
        )

    [1] => Array
        (
            [id] => 2
            [name] => カタン
            [category_id] => 4
            [comment] => 世界のボードゲームの中で2000万個以上の販売数を誇る、ドイツ発の大ヒットゲームです。

　「カタンの開拓者たち」は、「カタン島」という無人島を舞台に、3～4名のプレイヤーが参加し、島を開拓競争するボードゲームです。開拓地を増やす・街を成長させる・道を拡張する、がメインアクションで、街の数や道の長さを競い合って10点先取した人の1人勝利ゲームです。何をするにも「資源」を消費していきます。
　プレイヤー間で「資源の交易」を行いながら、自分の領地を拡大していきます。この交易が、カタンが人気の理由です。有利に交易/交渉を行っていくために、バランスよく資源を回収したり、特定の資源を独占しにいったり、プレイスタイルは盤によって様々です。例えば道を拡張するために「木材1つ」を手に入れるために、誰かと交易することができます。ここで「木材1つでどれだけ資源を提供してくれるかの交渉」が可能です。この交渉が醍醐味なのです。
            [price] => 4000
            [pic1] => uploads/7c099c3dfb09e8fb9d9b179796b7f90e51c45ef5.jpeg
            [pic2] => uploads/41990025da4f068501fe9858029e72b9819109f4.jpeg
            [pic3] => uploads/5b295353afa47ea824938a5f35d47178f293bffb.jpeg
            [user_id] => 7
            [delete_flg] => 0
            [create_date] => 2020-03-10 03:18:49
            [update_date] => 2020-03-10 03:18:49
        )

    [2] => Array
        (
            [id] => 3
            [name] => カタン
            [category_id] => 4
            [comment] => 世界のボードゲームの中で2000万個以上の販売数を誇る、ドイツ発の大ヒットゲームです。

　「カタンの開拓者たち」は、「カタン島」という無人島を舞台に、3～4名のプレイヤーが参加し、島を開拓競争するボードゲームです。開拓地を増やす・街を成長させる・道を拡張する、がメインアクションで、街の数や道の長さを競い合って10点先取した人の1人勝利ゲームです。何をするにも「資源」を消費していきます。
　プレイヤー間で「資源の交易」を行いながら、自分の領地を拡大していきます。この交易が、カタンが人気の理由です。有利に交易/交渉を行っていくために、バランスよく資源を回収したり、特定の資源を独占しにいったり、プレイスタイルは盤によって様々です。例えば道を拡張するために「木材1つ」を手に入れるために、誰かと交易することができます。ここで「木材1つでどれだけ資源を提供してくれるかの交渉」が可能です。この交渉が醍醐味なのです。
            [price] => 4000
            [pic1] => uploads/7c099c3dfb09e8fb9d9b179796b7f90e51c45ef5.jpeg
            [pic2] => uploads/41990025da4f068501fe9858029e72b9819109f4.jpeg
            [pic3] => uploads/5b295353afa47ea824938a5f35d47178f293bffb.jpeg
            [user_id] => 7
            [delete_flg] => 0
            [create_date] => 2020-03-10 03:18:49
            [update_date] => 2020-03-10 03:18:49
        )

    [3] => Array
        (
            [id] => 4
            [name] => カタン
            [category_id] => 4
            [comment] => 世界のボードゲームの中で2000万個以上の販売数を誇る、ドイツ発の大ヒットゲームです。

　「カタンの開拓者たち」は、「カタン島」という無人島を舞台に、3～4名のプレイヤーが参加し、島を開拓競争するボードゲームです。開拓地を増やす・街を成長させる・道を拡張する、がメインアクションで、街の数や道の長さを競い合って10点先取した人の1人勝利ゲームです。何をするにも「資源」を消費していきます。
　プレイヤー間で「資源の交易」を行いながら、自分の領地を拡大していきます。この交易が、カタンが人気の理由です。有利に交易/交渉を行っていくために、バランスよく資源を回収したり、特定の資源を独占しにいったり、プレイスタイルは盤によって様々です。例えば道を拡張するために「木材1つ」を手に入れるために、誰かと交易することができます。ここで「木材1つでどれだけ資源を提供してくれるかの交渉」が可能です。この交渉が醍醐味なのです。
            [price] => 4000
            [pic1] => uploads/7c099c3dfb09e8fb9d9b179796b7f90e51c45ef5.jpeg
            [pic2] => uploads/41990025da4f068501fe9858029e72b9819109f4.jpeg
            [pic3] => uploads/5b295353afa47ea824938a5f35d47178f293bffb.jpeg
            [user_id] => 7
            [delete_flg] => 0
            [create_date] => 2020-03-10 03:18:49
            [update_date] => 2020-03-10 03:18:49
        )

)

[11-Mar-2020 12:30:41 Asia/Tokyo] デバッグ：取得した掲示板データ：Array
(
    [0] => Array
        (
            [id] => 1
            [sale_user] => 7
            [buy_user] => 6
            [product_id] => 1
            [delete_flg] => 0
            [create_date] => 2020-03-10 15:59:40
            [update_date] => 2020-03-10 15:59:40
            [msg] => Array
                (
                )

        )

    [1] => Array
        (
            [id] => 2
            [sale_user] => 7
            [buy_user] => 6
            [product_id] => 1
            [delete_flg] => 0
            [create_date] => 2020-03-10 16:00:19
            [update_date] => 2020-03-10 16:00:19
            [msg] => Array
                (
                )

        )

    [2] => Array
        (
            [id] => 3
            [sale_user] => 7
            [buy_user] => 6
            [product_id] => 1
            [delete_flg] => 0
            [create_date] => 2020-03-10 16:26:03
            [update_date] => 2020-03-10 16:26:03
            [msg] => Array
                (
                    [0] => Array
                        (
                            [id] => 1
                            [bord_id] => 3
                            [send_date] => 2020-03-10 00:00:00
                            [to_user] => 7
                            [from_user] => 6
                            [msg] => asdfa
                            [delete_flg] => 0
                            [create_date] => 2020-03-10 00:00:00
                            [update_date] => 2020-03-10 16:25:51
                        )

                )

        )

    [3] => Array
        (
            [id] => 16
            [sale_user] => 7
            [buy_user] => 6
            [product_id] => 1
            [delete_flg] => 0
            [create_date] => 2020-03-10 17:54:15
            [update_date] => 2020-03-10 17:54:15
            [msg] => Array
                (
                )

        )

    [4] => Array
        (
            [id] => 17
            [sale_user] => 7
            [buy_user] => 6
            [product_id] => 1
            [delete_flg] => 0
            [create_date] => 2020-03-10 17:54:51
            [update_date] => 2020-03-10 17:54:51
            [msg] => Array
                (
                    [0] => Array
                        (
                            [id] => 11
                            [bord_id] => 17
                            [send_date] => 2020-03-10 18:04:44
                            [to_user] => 6
                            [from_user] => 7
                            [msg] => sfffsffassfffsffassfffsffassfffsffas
                            [delete_flg] => 0
                            [create_date] => 2020-03-10 18:04:44
                            [update_date] => 2020-03-10 18:04:44
                        )

                    [1] => Array
                        (
                            [id] => 10
                            [bord_id] => 17
                            [send_date] => 2020-03-10 18:04:41
                            [to_user] => 6
                            [from_user] => 7
                            [msg] => sfffsffas
                            [delete_flg] => 0
                            [create_date] => 2020-03-10 18:04:41
                            [update_date] => 2020-03-10 18:04:41
                        )

                    [2] => Array
                        (
                            [id] => 9
                            [bord_id] => 17
                            [send_date] => 2020-03-10 18:04:16
                            [to_user] => 7
                            [from_user] => 6
                            [msg] => asdfasdfaasdfasdfaasdfasdfaasdfasdfaasdfasdfaasdfasdfaasdfasdfaasdfasdfaasdfasdfaasdfasdfaasdfasdfaasdfasdfaasdfasdfaasdfasdfaasdfasdfa
                            [delete_flg] => 0
                            [create_date] => 2020-03-10 18:04:16
                            [update_date] => 2020-03-10 18:04:16
                        )

                    [3] => Array
                        (
                            [id] => 8
                            [bord_id] => 17
                            [send_date] => 2020-03-10 18:04:13
                            [to_user] => 7
                            [from_user] => 6
                            [msg] => asdfasdfaasdfasdfaasdfasdfaasdfasdfaasdfasdfaasdfasdfaasdfasdfaasdfasdfaasdfasdfaasdfasdfaasdfasdfaasdfasdfa
                            [delete_flg] => 0
                            [create_date] => 2020-03-10 18:04:13
                            [update_date] => 2020-03-10 18:04:13
                        )

                    [4] => Array
                        (
                            [id] => 7
                            [bord_id] => 17
                            [send_date] => 2020-03-10 18:04:08
                            [to_user] => 7
                            [from_user] => 6
                            [msg] => asdfasdfaasdfasdfaasdfasdfaasdfasdfaasdfasdfaasdfasdfaasdfasdfaasdfasdfaasdfasdfa
                            [delete_flg] => 0
                            [create_date] => 2020-03-10 18:04:08
                            [update_date] => 2020-03-10 18:04:08
                        )

                    [5] => Array
                        (
                            [id] => 6
                            [bord_id] => 17
                            [send_date] => 2020-03-10 18:04:01
                            [to_user] => 7
                            [from_user] => 6
                            [msg] => asdfasdfaasdfasdfaasdfasdfaasdfasdfaasdfasdfaasdfasdfaasdfasdfaasdfasdfaasdfasdfaasdfasdfaasdfasdfaasdfasdfaasdfasdfaasdfasdfaasdfasdfaasdfasdfaasdfasdfaasdfasdfaasdfasdfaasdfasdfaasdfasdfa
                            [delete_flg] => 0
                            [create_date] => 2020-03-10 18:04:01
                            [update_date] => 2020-03-10 18:04:01
                        )

                    [6] => Array
                        (
                            [id] => 5
                            [bord_id] => 17
                            [send_date] => 2020-03-10 18:03:42
                            [to_user] => 7
                            [from_user] => 6
                            [msg] => assd
                            [delete_flg] => 0
                            [create_date] => 2020-03-10 18:03:42
                            [update_date] => 2020-03-10 18:03:42
                        )

                    [7] => Array
                        (
                            [id] => 4
                            [bord_id] => 17
                            [send_date] => 2020-03-10 18:03:41
                            [to_user] => 7
                            [from_user] => 6
                            [msg] => sdfsdfa
                            [delete_flg] => 0
                            [create_date] => 2020-03-10 18:03:41
                            [update_date] => 2020-03-10 18:03:41
                        )

                    [8] => Array
                        (
                            [id] => 3
                            [bord_id] => 17
                            [send_date] => 2020-03-10 18:03:39
                            [to_user] => 7
                            [from_user] => 6
                            [msg] => sdfasd
                            [delete_flg] => 0
                            [create_date] => 2020-03-10 18:03:39
                            [update_date] => 2020-03-10 18:03:39
                        )

                    [9] => Array
                        (
                            [id] => 2
                            [bord_id] => 17
                            [send_date] => 2020-03-10 17:55:00
                            [to_user] => 7
                            [from_user] => 6
                            [msg] => asdfsf
                            [delete_flg] => 0
                            [create_date] => 2020-03-10 17:55:00
                            [update_date] => 2020-03-10 17:55:00
                        )

                )

        )

)

[11-Mar-2020 12:30:41 Asia/Tokyo] デバッグ：取得したお気に入りデータ：Array
(
    [0] => Array
        (
            [product_id] => 2
            [user_id] => 7
            [delete_flg] => 0
            [create_date] => 2020-03-10 03:18:49
            [update_date] => 2020-03-10 03:18:49
            [id] => 2
            [name] => カタン
            [category_id] => 4
            [comment] => 世界のボードゲームの中で2000万個以上の販売数を誇る、ドイツ発の大ヒットゲームです。

　「カタンの開拓者たち」は、「カタン島」という無人島を舞台に、3～4名のプレイヤーが参加し、島を開拓競争するボードゲームです。開拓地を増やす・街を成長させる・道を拡張する、がメインアクションで、街の数や道の長さを競い合って10点先取した人の1人勝利ゲームです。何をするにも「資源」を消費していきます。
　プレイヤー間で「資源の交易」を行いながら、自分の領地を拡大していきます。この交易が、カタンが人気の理由です。有利に交易/交渉を行っていくために、バランスよく資源を回収したり、特定の資源を独占しにいったり、プレイスタイルは盤によって様々です。例えば道を拡張するために「木材1つ」を手に入れるために、誰かと交易することができます。ここで「木材1つでどれだけ資源を提供してくれるかの交渉」が可能です。この交渉が醍醐味なのです。
            [price] => 4000
            [pic1] => uploads/7c099c3dfb09e8fb9d9b179796b7f90e51c45ef5.jpeg
            [pic2] => uploads/41990025da4f068501fe9858029e72b9819109f4.jpeg
            [pic3] => uploads/5b295353afa47ea824938a5f35d47178f293bffb.jpeg
        )

)

[11-Mar-2020 12:30:41 Asia/Tokyo] デバッグ：画面表示処理終了 <<<<<<<<<<<<<<<<<<<<<<<<<<<<<<<<<<<<<<<<<<<<<<<<
