[01-Dec-2019 12:59:40 UTC] デバッグ：「「「「「「「「「「「「「「「「「「「「「「「「「「「「「「「「「「「「「「「「
[01-Dec-2019 12:59:40 UTC] デバッグ：「　商品出品登録ページ　
[01-Dec-2019 12:59:40 UTC] デバッグ：「「「「「「「「「「「「「「「「「「「「「「「「「「「「「「「「「「「「「「「「
[01-Dec-2019 12:59:40 UTC] デバッグ：>>>>>>>>>>>>>>>>>>>>>>>>>>>>>>>>>>>>>>>>>>>>>>>> 画面表示処理開始
[01-Dec-2019 12:59:40 UTC] デバッグ：セッションID：uui2f0q7eaqom6br83337vbetl
[01-Dec-2019 12:59:40 UTC] デバッグ：セッション変数の中身：Array
(
    [login_date] => 1575205060
    [login_limit] => 3600
    [user_id] => 4
)

[01-Dec-2019 12:59:40 UTC] デバッグ：現在日時タイムスタンプ：1575205180
[01-Dec-2019 12:59:40 UTC] デバッグ：ログイン期限日時タイムスタンプ：1575208660
[01-Dec-2019 12:59:40 UTC] デバッグ：ログイン済みユーザーです。
[01-Dec-2019 12:59:40 UTC] デバッグ：ログイン有効期限以内です。
[01-Dec-2019 12:59:40 UTC] デバッグ：カテゴリー情報を取得します。
[01-Dec-2019 12:59:40 UTC] デバッグ：クエリ成功。
[01-Dec-2019 12:59:40 UTC] デバッグ：商品ID：
[01-Dec-2019 12:59:40 UTC] デバッグ：フォーム用DBデータ：
[01-Dec-2019 12:59:40 UTC] デバッグ：カテゴリデータ：Array
(
    [0] => Array
        (
            [id] => 1
            [name] => スマホ
            [delete_flg] => 0
            [create_date] => 2019-10-26 00:00:00
            [update_date] => 2019-10-27 14:12:16
        )

    [1] => Array
        (
            [id] => 2
            [name] => 机
            [delete_flg] => 0
            [create_date] => 2019-10-26 00:00:00
            [update_date] => 2019-10-27 14:12:44
        )

)

[01-Dec-2019 12:59:40 UTC] デバッグ：画面表示処理終了 <<<<<<<<<<<<<<<<<<<<<<<<<<<<<<<<<<<<<<<<<<<<<<<<
[01-Dec-2019 12:59:57 UTC] デバッグ：「「「「「「「「「「「「「「「「「「「「「「「「「「「「「「「「「「「「「「「「
[01-Dec-2019 12:59:57 UTC] デバッグ：「　商品出品登録ページ　
[01-Dec-2019 12:59:57 UTC] デバッグ：「「「「「「「「「「「「「「「「「「「「「「「「「「「「「「「「「「「「「「「「
[01-Dec-2019 12:59:57 UTC] デバッグ：>>>>>>>>>>>>>>>>>>>>>>>>>>>>>>>>>>>>>>>>>>>>>>>> 画面表示処理開始
[01-Dec-2019 12:59:57 UTC] デバッグ：セッションID：mmir62fqadgjh2esrvpgbc2dnm
[01-Dec-2019 12:59:57 UTC] デバッグ：セッション変数の中身：Array
(
    [login_date] => 1575205180
    [login_limit] => 3600
    [user_id] => 4
)

[01-Dec-2019 12:59:57 UTC] デバッグ：現在日時タイムスタンプ：1575205197
[01-Dec-2019 12:59:57 UTC] デバッグ：ログイン期限日時タイムスタンプ：1575208780
[01-Dec-2019 12:59:57 UTC] デバッグ：ログイン済みユーザーです。
[01-Dec-2019 12:59:57 UTC] デバッグ：ログイン有効期限以内です。
[01-Dec-2019 12:59:57 UTC] デバッグ：カテゴリー情報を取得します。
[01-Dec-2019 12:59:57 UTC] デバッグ：クエリ成功。
[01-Dec-2019 12:59:57 UTC] デバッグ：商品ID：
[01-Dec-2019 12:59:57 UTC] デバッグ：フォーム用DBデータ：
[01-Dec-2019 12:59:57 UTC] デバッグ：カテゴリデータ：Array
(
    [0] => Array
        (
            [id] => 1
            [name] => スマホ
            [delete_flg] => 0
            [create_date] => 2019-10-26 00:00:00
            [update_date] => 2019-10-27 14:12:16
        )

    [1] => Array
        (
            [id] => 2
            [name] => 机
            [delete_flg] => 0
            [create_date] => 2019-10-26 00:00:00
            [update_date] => 2019-10-27 14:12:44
        )

)

[01-Dec-2019 12:59:57 UTC] デバッグ：POST送信があります。
[01-Dec-2019 12:59:57 UTC] デバッグ：POST情報：Array
(
    [name] => saf
    [category_id] => 1
    [comment] => 
    [price] => 300
    [MAX_FILE_SIZE] => 3145728
)

[01-Dec-2019 12:59:57 UTC] デバッグ：FILE情報：Array
(
    [pic1] => Array
        (
            [name] => mountain.jpeg
            [type] => image/jpeg
            [tmp_name] => /Applications/MAMP/tmp/php/phpMR3vUF
            [error] => 0
            [size] => 371898
        )

    [pic2] => Array
        (
            [name] => 
            [type] => 
            [tmp_name] => 
            [error] => 4
            [size] => 0
        )

    [pic3] => Array
        (
            [name] => 
            [type] => 
            [tmp_name] => 
            [error] => 4
            [size] => 0
        )

)

[01-Dec-2019 12:59:57 UTC] デバッグ：画像アップロード処理開始
[01-Dec-2019 12:59:57 UTC] デバッグ：FILE情報：Array
(
    [name] => mountain.jpeg
    [type] => image/jpeg
    [tmp_name] => /Applications/MAMP/tmp/php/phpMR3vUF
    [error] => 0
    [size] => 371898
)

[01-Dec-2019 12:59:57 UTC] デバッグ：ファイルは正常にアップロードされました
[01-Dec-2019 12:59:57 UTC] デバッグ：ファイルパス：uploads/f0da25395f3f6acb2a108302e59e380062a06b0b.jpeg
[01-Dec-2019 12:59:57 UTC] デバッグ：バリデーションOKです。
[01-Dec-2019 12:59:57 UTC] デバッグ：DB新規登録です。
[01-Dec-2019 12:59:57 UTC] デバッグ：SQL：insert into product (name, category_id, price, comment, pic1, pic2, pic3, user_id, create_date ) values (:name, :category, :price, :comment,  :pic1, :pic2, :pic3, :u_id, :date)
[01-Dec-2019 12:59:57 UTC] デバッグ：流し込みデータ：Array
(
    [:name] => saf
    [:category] => 1
    [:price] => 300
    [:comment] => 
    [:pic1] => uploads/f0da25395f3f6acb2a108302e59e380062a06b0b.jpeg
    [:pic2] => 
    [:pic3] => 
    [:u_id] => 4
    [:date] => 2019-12-01 12:59:57
)

[01-Dec-2019 12:59:57 UTC] デバッグ：クエリに失敗しました。
[01-Dec-2019 12:59:57 UTC] デバッグ：失敗したSQL：PDOStatement Object
(
    [queryString] => insert into product (name, category_id, price, comment, pic1, pic2, pic3, user_id, create_date ) values (:name, :category, :price, :comment,  :pic1, :pic2, :pic3, :u_id, :date)
)

[01-Dec-2019 12:59:57 UTC] デバッグ：画面表示処理終了 <<<<<<<<<<<<<<<<<<<<<<<<<<<<<<<<<<<<<<<<<<<<<<<<
[01-Dec-2019 13:00:58 UTC] デバッグ：「「「「「「「「「「「「「「「「「「「「「「「「「「「「「「「「「「「「「「「「
[01-Dec-2019 13:00:58 UTC] デバッグ：「　マイページ　
[01-Dec-2019 13:00:58 UTC] デバッグ：「「「「「「「「「「「「「「「「「「「「「「「「「「「「「「「「「「「「「「「「
[01-Dec-2019 13:00:58 UTC] デバッグ：>>>>>>>>>>>>>>>>>>>>>>>>>>>>>>>>>>>>>>>>>>>>>>>> 画面表示処理開始
[01-Dec-2019 13:00:58 UTC] デバッグ：セッションID：mlfi3at50j070d53q8bs6rt277
[01-Dec-2019 13:00:58 UTC] デバッグ：セッション変数の中身：Array
(
    [login_date] => 1575205197
    [login_limit] => 3600
    [user_id] => 4
)

[01-Dec-2019 13:00:58 UTC] デバッグ：現在日時タイムスタンプ：1575205258
[01-Dec-2019 13:00:58 UTC] デバッグ：ログイン期限日時タイムスタンプ：1575208797
[01-Dec-2019 13:00:58 UTC] デバッグ：ログイン済みユーザーです。
[01-Dec-2019 13:00:58 UTC] デバッグ：ログイン有効期限以内です。
[01-Dec-2019 13:00:58 UTC] デバッグ：自分の商品情報を取得します。
[01-Dec-2019 13:00:58 UTC] デバッグ：ユーザーID：4
[01-Dec-2019 13:00:58 UTC] デバッグ：クエリ成功。
[01-Dec-2019 13:00:58 UTC] デバッグ：自分のmsg情報を取得します。
[01-Dec-2019 13:00:58 UTC] デバッグ：クエリ成功。
[01-Dec-2019 13:00:58 UTC] デバッグ：自分のお気に入り情報を取得します。
[01-Dec-2019 13:00:58 UTC] デバッグ：ユーザーID：4
[01-Dec-2019 13:00:58 UTC] デバッグ：クエリ成功。
[01-Dec-2019 13:00:58 UTC] デバッグ：取得した商品データ：Array
(
)

[01-Dec-2019 13:00:58 UTC] デバッグ：取得した掲示板データ：Array
(
)

[01-Dec-2019 13:00:58 UTC] デバッグ：取得したお気に入りデータ：Array
(
)

[01-Dec-2019 13:00:58 UTC] デバッグ：画面表示処理終了 <<<<<<<<<<<<<<<<<<<<<<<<<<<<<<<<<<<<<<<<<<<<<<<<
[04-Dec-2019 11:56:01 UTC] デバッグ：「「「「「「「「「「「「「「「「「「「「「「「「「「「「「「「「「「「「「「「「
[04-Dec-2019 11:56:01 UTC] デバッグ：「　トップページ　
[04-Dec-2019 11:56:01 UTC] デバッグ：「「「「「「「「「「「「「「「「「「「「「「「「「「「「「「「「「「「「「「「「
[04-Dec-2019 11:56:01 UTC] デバッグ：>>>>>>>>>>>>>>>>>>>>>>>>>>>>>>>>>>>>>>>>>>>>>>>> 画面表示処理開始
[04-Dec-2019 11:56:01 UTC] デバッグ：セッションID：ho3pogcsnccfvaj5eq2fn6s45r
[04-Dec-2019 11:56:01 UTC] デバッグ：セッション変数の中身：Array
(
    [login_date] => 1575205258
    [login_limit] => 3600
    [user_id] => 4
)

[04-Dec-2019 11:56:01 UTC] デバッグ：現在日時タイムスタンプ：1575460561
[04-Dec-2019 11:56:01 UTC] デバッグ：ログイン期限日時タイムスタンプ：1575208858
[04-Dec-2019 11:56:01 UTC] デバッグ：商品情報を取得します。
[04-Dec-2019 11:56:01 UTC] デバッグ：クエリ成功。
[04-Dec-2019 11:56:01 UTC] デバッグ：SQL：SELECT * FROM product LIMIT 20 OFFSET 0
[04-Dec-2019 11:56:01 UTC] デバッグ：クエリ成功。
[04-Dec-2019 11:56:01 UTC] デバッグ：カテゴリー情報を取得します。
[04-Dec-2019 11:56:01 UTC] デバッグ：クエリ成功。
[04-Dec-2019 11:56:01 UTC] デバッグ：画面表示処理終了 <<<<<<<<<<<<<<<<<<<<<<<<<<<<<<<<<<<<<<<<<<<<<<<<
[04-Dec-2019 11:56:04 UTC] デバッグ：「「「「「「「「「「「「「「「「「「「「「「「「「「「「「「「「「「「「「「「「
[04-Dec-2019 11:56:04 UTC] デバッグ：「　マイページ　
[04-Dec-2019 11:56:04 UTC] デバッグ：「「「「「「「「「「「「「「「「「「「「「「「「「「「「「「「「「「「「「「「「
[04-Dec-2019 11:56:04 UTC] デバッグ：>>>>>>>>>>>>>>>>>>>>>>>>>>>>>>>>>>>>>>>>>>>>>>>> 画面表示処理開始
[04-Dec-2019 11:56:04 UTC] デバッグ：セッションID：cv78c8ieqpm1hhv42vramo20rg
[04-Dec-2019 11:56:04 UTC] デバッグ：セッション変数の中身：Array
(
    [login_date] => 1575205258
    [login_limit] => 3600
    [user_id] => 4
)

[04-Dec-2019 11:56:04 UTC] デバッグ：現在日時タイムスタンプ：1575460564
[04-Dec-2019 11:56:04 UTC] デバッグ：ログイン期限日時タイムスタンプ：1575208858
[04-Dec-2019 11:56:04 UTC] デバッグ：ログイン済みユーザーです。
[04-Dec-2019 11:56:04 UTC] デバッグ：ログイン有効期限オーバーです。
[04-Dec-2019 11:56:04 UTC] デバッグ：自分の商品情報を取得します。
[04-Dec-2019 11:56:04 UTC] デバッグ：ユーザーID：4
[04-Dec-2019 11:56:04 UTC] デバッグ：クエリ成功。
[04-Dec-2019 11:56:04 UTC] デバッグ：自分のmsg情報を取得します。
[04-Dec-2019 11:56:04 UTC] デバッグ：クエリ成功。
[04-Dec-2019 11:56:04 UTC] デバッグ：自分のお気に入り情報を取得します。
[04-Dec-2019 11:56:04 UTC] デバッグ：ユーザーID：4
[04-Dec-2019 11:56:04 UTC] デバッグ：クエリ成功。
[04-Dec-2019 11:56:04 UTC] デバッグ：取得した商品データ：Array
(
)

[04-Dec-2019 11:56:04 UTC] デバッグ：取得した掲示板データ：Array
(
)

[04-Dec-2019 11:56:04 UTC] デバッグ：取得したお気に入りデータ：Array
(
)

[04-Dec-2019 11:56:04 UTC] デバッグ：画面表示処理終了 <<<<<<<<<<<<<<<<<<<<<<<<<<<<<<<<<<<<<<<<<<<<<<<<
[04-Dec-2019 11:56:04 UTC] デバッグ：「「「「「「「「「「「「「「「「「「「「「「「「「「「「「「「「「「「「「「「「
[04-Dec-2019 11:56:04 UTC] デバッグ：「　ログインページ　
[04-Dec-2019 11:56:04 UTC] デバッグ：「「「「「「「「「「「「「「「「「「「「「「「「「「「「「「「「「「「「「「「「
[04-Dec-2019 11:56:04 UTC] デバッグ：>>>>>>>>>>>>>>>>>>>>>>>>>>>>>>>>>>>>>>>>>>>>>>>> 画面表示処理開始
[04-Dec-2019 11:56:04 UTC] デバッグ：セッションID：3be7dng9979hleca0jibtctbub
[04-Dec-2019 11:56:04 UTC] デバッグ：セッション変数の中身：Array
(
)

[04-Dec-2019 11:56:04 UTC] デバッグ：現在日時タイムスタンプ：1575460564
[04-Dec-2019 11:56:04 UTC] デバッグ：未ログインユーザーです。
[04-Dec-2019 11:56:04 UTC] デバッグ：画面表示処理終了 <<<<<<<<<<<<<<<<<<<<<<<<<<<<<<<<<<<<<<<<<<<<<<<<
[04-Dec-2019 11:56:06 UTC] デバッグ：「「「「「「「「「「「「「「「「「「「「「「「「「「「「「「「「「「「「「「「「
[04-Dec-2019 11:56:06 UTC] デバッグ：「　ログインページ　
[04-Dec-2019 11:56:06 UTC] デバッグ：「「「「「「「「「「「「「「「「「「「「「「「「「「「「「「「「「「「「「「「「
[04-Dec-2019 11:56:06 UTC] デバッグ：>>>>>>>>>>>>>>>>>>>>>>>>>>>>>>>>>>>>>>>>>>>>>>>> 画面表示処理開始
[04-Dec-2019 11:56:06 UTC] デバッグ：セッションID：ivfqgms1u61kpns3jtsvr66rtp
[04-Dec-2019 11:56:06 UTC] デバッグ：セッション変数の中身：Array
(
)

[04-Dec-2019 11:56:06 UTC] デバッグ：現在日時タイムスタンプ：1575460566
[04-Dec-2019 11:56:06 UTC] デバッグ：未ログインユーザーです。
[04-Dec-2019 11:56:06 UTC] デバッグ：POST送信があります。
[04-Dec-2019 11:56:06 UTC] デバッグ：バリデーションOKです。
[04-Dec-2019 11:56:06 UTC] デバッグ：クエリ成功。
[04-Dec-2019 11:56:06 UTC] デバッグ：クエリ結果の中身：Array
(
    [password] => $2y$10$kfaCREbkrc0fqKFGRhIt7.bz9/jmJeITODp1o/ztyd5xV2rYh.XbC
    [id] => 4
)

[04-Dec-2019 11:56:06 UTC] デバッグ：パスワードがマッチしました。
[04-Dec-2019 11:56:06 UTC] デバッグ：ログイン保持にチェックはありません。
[04-Dec-2019 11:56:06 UTC] デバッグ：セッション変数の中身：Array
(
    [login_date] => 1575460566
    [login_limit] => 3600
    [user_id] => 4
)

[04-Dec-2019 11:56:06 UTC] デバッグ：マイページへ遷移します。
[04-Dec-2019 11:56:06 UTC] デバッグ：画面表示処理終了 <<<<<<<<<<<<<<<<<<<<<<<<<<<<<<<<<<<<<<<<<<<<<<<<
[04-Dec-2019 11:56:06 UTC] デバッグ：「「「「「「「「「「「「「「「「「「「「「「「「「「「「「「「「「「「「「「「「
[04-Dec-2019 11:56:06 UTC] デバッグ：「　マイページ　
[04-Dec-2019 11:56:06 UTC] デバッグ：「「「「「「「「「「「「「「「「「「「「「「「「「「「「「「「「「「「「「「「「
[04-Dec-2019 11:56:06 UTC] デバッグ：>>>>>>>>>>>>>>>>>>>>>>>>>>>>>>>>>>>>>>>>>>>>>>>> 画面表示処理開始
[04-Dec-2019 11:56:06 UTC] デバッグ：セッションID：9m0es4cvpm0flfmm1jhb4bmuk1
[04-Dec-2019 11:56:06 UTC] デバッグ：セッション変数の中身：Array
(
    [login_date] => 1575460566
    [login_limit] => 3600
    [user_id] => 4
)

[04-Dec-2019 11:56:06 UTC] デバッグ：現在日時タイムスタンプ：1575460566
[04-Dec-2019 11:56:06 UTC] デバッグ：ログイン期限日時タイムスタンプ：1575464166
[04-Dec-2019 11:56:06 UTC] デバッグ：ログイン済みユーザーです。
[04-Dec-2019 11:56:06 UTC] デバッグ：ログイン有効期限以内です。
[04-Dec-2019 11:56:06 UTC] デバッグ：自分の商品情報を取得します。
[04-Dec-2019 11:56:06 UTC] デバッグ：ユーザーID：4
[04-Dec-2019 11:56:06 UTC] デバッグ：クエリ成功。
[04-Dec-2019 11:56:06 UTC] デバッグ：自分のmsg情報を取得します。
[04-Dec-2019 11:56:06 UTC] デバッグ：クエリ成功。
[04-Dec-2019 11:56:06 UTC] デバッグ：自分のお気に入り情報を取得します。
[04-Dec-2019 11:56:06 UTC] デバッグ：ユーザーID：4
[04-Dec-2019 11:56:06 UTC] デバッグ：クエリ成功。
[04-Dec-2019 11:56:06 UTC] デバッグ：取得した商品データ：Array
(
)

[04-Dec-2019 11:56:06 UTC] デバッグ：取得した掲示板データ：Array
(
)

[04-Dec-2019 11:56:06 UTC] デバッグ：取得したお気に入りデータ：Array
(
)

[04-Dec-2019 11:56:06 UTC] デバッグ：画面表示処理終了 <<<<<<<<<<<<<<<<<<<<<<<<<<<<<<<<<<<<<<<<<<<<<<<<
[04-Dec-2019 11:56:10 UTC] デバッグ：「「「「「「「「「「「「「「「「「「「「「「「「「「「「「「「「「「「「「「「「
[04-Dec-2019 11:56:10 UTC] デバッグ：「　商品出品登録ページ　
[04-Dec-2019 11:56:10 UTC] デバッグ：「「「「「「「「「「「「「「「「「「「「「「「「「「「「「「「「「「「「「「「「
[04-Dec-2019 11:56:10 UTC] デバッグ：>>>>>>>>>>>>>>>>>>>>>>>>>>>>>>>>>>>>>>>>>>>>>>>> 画面表示処理開始
[04-Dec-2019 11:56:10 UTC] デバッグ：セッションID：12gn5fmsjedu952nrg8e5l5ri2
[04-Dec-2019 11:56:10 UTC] デバッグ：セッション変数の中身：Array
(
    [login_date] => 1575460566
    [login_limit] => 3600
    [user_id] => 4
)

[04-Dec-2019 11:56:10 UTC] デバッグ：現在日時タイムスタンプ：1575460570
[04-Dec-2019 11:56:10 UTC] デバッグ：ログイン期限日時タイムスタンプ：1575464166
[04-Dec-2019 11:56:10 UTC] デバッグ：ログイン済みユーザーです。
[04-Dec-2019 11:56:10 UTC] デバッグ：ログイン有効期限以内です。
[04-Dec-2019 11:56:10 UTC] デバッグ：カテゴリー情報を取得します。
[04-Dec-2019 11:56:10 UTC] デバッグ：クエリ成功。
[04-Dec-2019 11:56:10 UTC] デバッグ：商品ID：
[04-Dec-2019 11:56:10 UTC] デバッグ：フォーム用DBデータ：
[04-Dec-2019 11:56:10 UTC] デバッグ：カテゴリデータ：Array
(
    [0] => Array
        (
            [id] => 1
            [name] => スマホ
            [delete_flg] => 0
            [create_date] => 2019-10-26 00:00:00
            [update_date] => 2019-10-27 14:12:16
        )

    [1] => Array
        (
            [id] => 2
            [name] => 机
            [delete_flg] => 0
            [create_date] => 2019-10-26 00:00:00
            [update_date] => 2019-10-27 14:12:44
        )

)

[04-Dec-2019 11:56:10 UTC] デバッグ：画面表示処理終了 <<<<<<<<<<<<<<<<<<<<<<<<<<<<<<<<<<<<<<<<<<<<<<<<
[04-Dec-2019 11:56:20 UTC] デバッグ：「「「「「「「「「「「「「「「「「「「「「「「「「「「「「「「「「「「「「「「「
[04-Dec-2019 11:56:20 UTC] デバッグ：「　商品出品登録ページ　
[04-Dec-2019 11:56:20 UTC] デバッグ：「「「「「「「「「「「「「「「「「「「「「「「「「「「「「「「「「「「「「「「「
[04-Dec-2019 11:56:20 UTC] デバッグ：>>>>>>>>>>>>>>>>>>>>>>>>>>>>>>>>>>>>>>>>>>>>>>>> 画面表示処理開始
[04-Dec-2019 11:56:20 UTC] デバッグ：セッションID：0h0nmmlr1mf127gchmgeerf51p
[04-Dec-2019 11:56:20 UTC] デバッグ：セッション変数の中身：Array
(
    [login_date] => 1575460570
    [login_limit] => 3600
    [user_id] => 4
)

[04-Dec-2019 11:56:20 UTC] デバッグ：現在日時タイムスタンプ：1575460580
[04-Dec-2019 11:56:20 UTC] デバッグ：ログイン期限日時タイムスタンプ：1575464170
[04-Dec-2019 11:56:20 UTC] デバッグ：ログイン済みユーザーです。
[04-Dec-2019 11:56:20 UTC] デバッグ：ログイン有効期限以内です。
[04-Dec-2019 11:56:20 UTC] デバッグ：カテゴリー情報を取得します。
[04-Dec-2019 11:56:20 UTC] デバッグ：クエリ成功。
[04-Dec-2019 11:56:20 UTC] デバッグ：商品ID：
[04-Dec-2019 11:56:20 UTC] デバッグ：フォーム用DBデータ：
[04-Dec-2019 11:56:20 UTC] デバッグ：カテゴリデータ：Array
(
    [0] => Array
        (
            [id] => 1
            [name] => スマホ
            [delete_flg] => 0
            [create_date] => 2019-10-26 00:00:00
            [update_date] => 2019-10-27 14:12:16
        )

    [1] => Array
        (
            [id] => 2
            [name] => 机
            [delete_flg] => 0
            [create_date] => 2019-10-26 00:00:00
            [update_date] => 2019-10-27 14:12:44
        )

)

[04-Dec-2019 11:56:20 UTC] デバッグ：POST送信があります。
[04-Dec-2019 11:56:20 UTC] デバッグ：POST情報：Array
(
    [name] => asfd
    [category_id] => 1
    [comment] => 
    [price] => 3000
    [MAX_FILE_SIZE] => 3145728
)

[04-Dec-2019 11:56:20 UTC] デバッグ：FILE情報：Array
(
    [pic1] => Array
        (
            [name] => 
            [type] => 
            [tmp_name] => 
            [error] => 4
            [size] => 0
        )

    [pic2] => Array
        (
            [name] => 
            [type] => 
            [tmp_name] => 
            [error] => 4
            [size] => 0
        )

    [pic3] => Array
        (
            [name] => 
            [type] => 
            [tmp_name] => 
            [error] => 4
            [size] => 0
        )

)

[04-Dec-2019 11:56:20 UTC] デバッグ：バリデーションOKです。
[04-Dec-2019 11:56:20 UTC] デバッグ：DB新規登録です。
[04-Dec-2019 11:56:20 UTC] デバッグ：SQL：insert into product (name, category_id, price, comment, pic1, pic2, pic3, user_id, create_date ) values (:name, :category, :price, :comment,  :pic1, :pic2, :pic3, :u_id, :date)
[04-Dec-2019 11:56:20 UTC] デバッグ：流し込みデータ：Array
(
    [:name] => asfd
    [:category] => 1
    [:price] => 3000
    [:comment] => 
    [:pic1] => 
    [:pic2] => 
    [:pic3] => 
    [:u_id] => 4
    [:date] => 2019-12-04 11:56:20
)

[04-Dec-2019 11:56:20 UTC] デバッグ：クエリに失敗しました。
[04-Dec-2019 11:56:20 UTC] デバッグ：失敗したSQL：PDOStatement Object
(
    [queryString] => insert into product (name, category_id, price, comment, pic1, pic2, pic3, user_id, create_date ) values (:name, :category, :price, :comment,  :pic1, :pic2, :pic3, :u_id, :date)
)

[04-Dec-2019 11:56:20 UTC] デバッグ：画面表示処理終了 <<<<<<<<<<<<<<<<<<<<<<<<<<<<<<<<<<<<<<<<<<<<<<<<
[18-Dec-2019 15:58:15 UTC] デバッグ：「「「「「「「「「「「「「「「「「「「「「「「「「「「「「「「「「「「「「「「「
[18-Dec-2019 15:58:15 UTC] デバッグ：「　トップページ　
[18-Dec-2019 15:58:15 UTC] デバッグ：「「「「「「「「「「「「「「「「「「「「「「「「「「「「「「「「「「「「「「「「
[18-Dec-2019 15:58:15 UTC] デバッグ：>>>>>>>>>>>>>>>>>>>>>>>>>>>>>>>>>>>>>>>>>>>>>>>> 画面表示処理開始
[18-Dec-2019 15:58:15 UTC] デバッグ：セッションID：cdqsc5jh5vd06550j65ujg97u0
[18-Dec-2019 15:58:15 UTC] デバッグ：セッション変数の中身：Array
(
    [login_date] => 1575460580
    [login_limit] => 3600
    [user_id] => 4
)

[18-Dec-2019 15:58:15 UTC] デバッグ：現在日時タイムスタンプ：1576684695
[18-Dec-2019 15:58:15 UTC] デバッグ：ログイン期限日時タイムスタンプ：1575464180
[18-Dec-2019 15:58:15 UTC] デバッグ：商品情報を取得します。
[18-Dec-2019 15:58:15 UTC] デバッグ：クエリ成功。
[18-Dec-2019 15:58:15 UTC] デバッグ：SQL：SELECT * FROM product LIMIT 20 OFFSET 0
[18-Dec-2019 15:58:15 UTC] デバッグ：クエリ成功。
[18-Dec-2019 15:58:15 UTC] デバッグ：カテゴリー情報を取得します。
[18-Dec-2019 15:58:15 UTC] デバッグ：クエリ成功。
[18-Dec-2019 15:58:15 UTC] デバッグ：画面表示処理終了 <<<<<<<<<<<<<<<<<<<<<<<<<<<<<<<<<<<<<<<<<<<<<<<<
[18-Dec-2019 15:58:18 UTC] デバッグ：「「「「「「「「「「「「「「「「「「「「「「「「「「「「「「「「「「「「「「「「
[18-Dec-2019 15:58:18 UTC] デバッグ：「　マイページ　
[18-Dec-2019 15:58:18 UTC] デバッグ：「「「「「「「「「「「「「「「「「「「「「「「「「「「「「「「「「「「「「「「「
[18-Dec-2019 15:58:18 UTC] デバッグ：>>>>>>>>>>>>>>>>>>>>>>>>>>>>>>>>>>>>>>>>>>>>>>>> 画面表示処理開始
[18-Dec-2019 15:58:18 UTC] デバッグ：セッションID：f99t5r5nbvcmuj2bitgmg29o4a
[18-Dec-2019 15:58:18 UTC] デバッグ：セッション変数の中身：Array
(
    [login_date] => 1575460580
    [login_limit] => 3600
    [user_id] => 4
)

[18-Dec-2019 15:58:18 UTC] デバッグ：現在日時タイムスタンプ：1576684698
[18-Dec-2019 15:58:18 UTC] デバッグ：ログイン期限日時タイムスタンプ：1575464180
[18-Dec-2019 15:58:18 UTC] デバッグ：ログイン済みユーザーです。
[18-Dec-2019 15:58:18 UTC] デバッグ：ログイン有効期限オーバーです。
[18-Dec-2019 15:58:18 UTC] デバッグ：自分の商品情報を取得します。
[18-Dec-2019 15:58:18 UTC] デバッグ：ユーザーID：4
[18-Dec-2019 15:58:18 UTC] デバッグ：クエリ成功。
[18-Dec-2019 15:58:18 UTC] デバッグ：自分のmsg情報を取得します。
[18-Dec-2019 15:58:18 UTC] デバッグ：クエリ成功。
[18-Dec-2019 15:58:18 UTC] デバッグ：自分のお気に入り情報を取得します。
[18-Dec-2019 15:58:18 UTC] デバッグ：ユーザーID：4
[18-Dec-2019 15:58:18 UTC] デバッグ：クエリ成功。
[18-Dec-2019 15:58:18 UTC] デバッグ：取得した商品データ：Array
(
)

[18-Dec-2019 15:58:18 UTC] デバッグ：取得した掲示板データ：Array
(
)

[18-Dec-2019 15:58:18 UTC] デバッグ：取得したお気に入りデータ：Array
(
)

[18-Dec-2019 15:58:18 UTC] デバッグ：画面表示処理終了 <<<<<<<<<<<<<<<<<<<<<<<<<<<<<<<<<<<<<<<<<<<<<<<<
[18-Dec-2019 15:58:18 UTC] デバッグ：「「「「「「「「「「「「「「「「「「「「「「「「「「「「「「「「「「「「「「「「
[18-Dec-2019 15:58:18 UTC] デバッグ：「　ログインページ　
[18-Dec-2019 15:58:18 UTC] デバッグ：「「「「「「「「「「「「「「「「「「「「「「「「「「「「「「「「「「「「「「「「
[18-Dec-2019 15:58:18 UTC] デバッグ：>>>>>>>>>>>>>>>>>>>>>>>>>>>>>>>>>>>>>>>>>>>>>>>> 画面表示処理開始
[18-Dec-2019 15:58:18 UTC] デバッグ：セッションID：ok9ja3pp0in8ddhtrep3qp9705
[18-Dec-2019 15:58:18 UTC] デバッグ：セッション変数の中身：Array
(
)

[18-Dec-2019 15:58:18 UTC] デバッグ：現在日時タイムスタンプ：1576684698
[18-Dec-2019 15:58:18 UTC] デバッグ：未ログインユーザーです。
[18-Dec-2019 15:58:18 UTC] デバッグ：画面表示処理終了 <<<<<<<<<<<<<<<<<<<<<<<<<<<<<<<<<<<<<<<<<<<<<<<<
[18-Dec-2019 15:58:20 UTC] デバッグ：「「「「「「「「「「「「「「「「「「「「「「「「「「「「「「「「「「「「「「「「
[18-Dec-2019 15:58:20 UTC] デバッグ：「　ログインページ　
[18-Dec-2019 15:58:20 UTC] デバッグ：「「「「「「「「「「「「「「「「「「「「「「「「「「「「「「「「「「「「「「「「
[18-Dec-2019 15:58:20 UTC] デバッグ：>>>>>>>>>>>>>>>>>>>>>>>>>>>>>>>>>>>>>>>>>>>>>>>> 画面表示処理開始
[18-Dec-2019 15:58:20 UTC] デバッグ：セッションID：flapvnm6n51gf44focfrds59jl
[18-Dec-2019 15:58:20 UTC] デバッグ：セッション変数の中身：Array
(
)

[18-Dec-2019 15:58:20 UTC] デバッグ：現在日時タイムスタンプ：1576684700
[18-Dec-2019 15:58:20 UTC] デバッグ：未ログインユーザーです。
[18-Dec-2019 15:58:20 UTC] デバッグ：POST送信があります。
[18-Dec-2019 15:58:20 UTC] デバッグ：バリデーションOKです。
[18-Dec-2019 15:58:20 UTC] デバッグ：クエリ成功。
[18-Dec-2019 15:58:20 UTC] デバッグ：クエリ結果の中身：Array
(
    [password] => $2y$10$kfaCREbkrc0fqKFGRhIt7.bz9/jmJeITODp1o/ztyd5xV2rYh.XbC
    [id] => 4
)

[18-Dec-2019 15:58:20 UTC] デバッグ：パスワードがマッチしました。
[18-Dec-2019 15:58:20 UTC] デバッグ：ログイン保持にチェックはありません。
[18-Dec-2019 15:58:20 UTC] デバッグ：セッション変数の中身：Array
(
    [login_date] => 1576684700
    [login_limit] => 3600
    [user_id] => 4
)

[18-Dec-2019 15:58:20 UTC] デバッグ：マイページへ遷移します。
[18-Dec-2019 15:58:20 UTC] デバッグ：画面表示処理終了 <<<<<<<<<<<<<<<<<<<<<<<<<<<<<<<<<<<<<<<<<<<<<<<<
[18-Dec-2019 15:58:20 UTC] デバッグ：「「「「「「「「「「「「「「「「「「「「「「「「「「「「「「「「「「「「「「「「
[18-Dec-2019 15:58:20 UTC] デバッグ：「　マイページ　
[18-Dec-2019 15:58:20 UTC] デバッグ：「「「「「「「「「「「「「「「「「「「「「「「「「「「「「「「「「「「「「「「「
[18-Dec-2019 15:58:20 UTC] デバッグ：>>>>>>>>>>>>>>>>>>>>>>>>>>>>>>>>>>>>>>>>>>>>>>>> 画面表示処理開始
[18-Dec-2019 15:58:20 UTC] デバッグ：セッションID：vrp8vppk7i118j4vjf0l0tftga
[18-Dec-2019 15:58:20 UTC] デバッグ：セッション変数の中身：Array
(
    [login_date] => 1576684700
    [login_limit] => 3600
    [user_id] => 4
)

[18-Dec-2019 15:58:20 UTC] デバッグ：現在日時タイムスタンプ：1576684700
[18-Dec-2019 15:58:20 UTC] デバッグ：ログイン期限日時タイムスタンプ：1576688300
[18-Dec-2019 15:58:20 UTC] デバッグ：ログイン済みユーザーです。
[18-Dec-2019 15:58:20 UTC] デバッグ：ログイン有効期限以内です。
[18-Dec-2019 15:58:20 UTC] デバッグ：自分の商品情報を取得します。
[18-Dec-2019 15:58:20 UTC] デバッグ：ユーザーID：4
[18-Dec-2019 15:58:20 UTC] デバッグ：クエリ成功。
[18-Dec-2019 15:58:20 UTC] デバッグ：自分のmsg情報を取得します。
[18-Dec-2019 15:58:20 UTC] デバッグ：クエリ成功。
[18-Dec-2019 15:58:20 UTC] デバッグ：自分のお気に入り情報を取得します。
[18-Dec-2019 15:58:20 UTC] デバッグ：ユーザーID：4
[18-Dec-2019 15:58:20 UTC] デバッグ：クエリ成功。
[18-Dec-2019 15:58:20 UTC] デバッグ：取得した商品データ：Array
(
)

[18-Dec-2019 15:58:20 UTC] デバッグ：取得した掲示板データ：Array
(
)

[18-Dec-2019 15:58:20 UTC] デバッグ：取得したお気に入りデータ：Array
(
)

[18-Dec-2019 15:58:20 UTC] デバッグ：画面表示処理終了 <<<<<<<<<<<<<<<<<<<<<<<<<<<<<<<<<<<<<<<<<<<<<<<<
[18-Dec-2019 15:58:24 UTC] デバッグ：「「「「「「「「「「「「「「「「「「「「「「「「「「「「「「「「「「「「「「「「
[18-Dec-2019 15:58:24 UTC] デバッグ：「　トップページ　
[18-Dec-2019 15:58:24 UTC] デバッグ：「「「「「「「「「「「「「「「「「「「「「「「「「「「「「「「「「「「「「「「「
[18-Dec-2019 15:58:24 UTC] デバッグ：>>>>>>>>>>>>>>>>>>>>>>>>>>>>>>>>>>>>>>>>>>>>>>>> 画面表示処理開始
[18-Dec-2019 15:58:24 UTC] デバッグ：セッションID：e05nlrb9nkr94sp7grtcrrrsun
[18-Dec-2019 15:58:24 UTC] デバッグ：セッション変数の中身：Array
(
    [login_date] => 1576684700
    [login_limit] => 3600
    [user_id] => 4
)

[18-Dec-2019 15:58:24 UTC] デバッグ：現在日時タイムスタンプ：1576684704
[18-Dec-2019 15:58:24 UTC] デバッグ：ログイン期限日時タイムスタンプ：1576688300
[18-Dec-2019 15:58:24 UTC] デバッグ：商品情報を取得します。
[18-Dec-2019 15:58:24 UTC] デバッグ：クエリ成功。
[18-Dec-2019 15:58:24 UTC] デバッグ：SQL：SELECT * FROM product LIMIT 20 OFFSET 0
[18-Dec-2019 15:58:24 UTC] デバッグ：クエリ成功。
[18-Dec-2019 15:58:24 UTC] デバッグ：カテゴリー情報を取得します。
[18-Dec-2019 15:58:24 UTC] デバッグ：クエリ成功。
[18-Dec-2019 15:58:24 UTC] デバッグ：画面表示処理終了 <<<<<<<<<<<<<<<<<<<<<<<<<<<<<<<<<<<<<<<<<<<<<<<<
[18-Dec-2019 15:58:28 UTC] デバッグ：「「「「「「「「「「「「「「「「「「「「「「「「「「「「「「「「「「「「「「「「
[18-Dec-2019 15:58:28 UTC] デバッグ：「　マイページ　
[18-Dec-2019 15:58:28 UTC] デバッグ：「「「「「「「「「「「「「「「「「「「「「「「「「「「「「「「「「「「「「「「「
[18-Dec-2019 15:58:28 UTC] デバッグ：>>>>>>>>>>>>>>>>>>>>>>>>>>>>>>>>>>>>>>>>>>>>>>>> 画面表示処理開始
[18-Dec-2019 15:58:28 UTC] デバッグ：セッションID：ojj0skvfovdug6vikb5e6bud5d
[18-Dec-2019 15:58:28 UTC] デバッグ：セッション変数の中身：Array
(
    [login_date] => 1576684700
    [login_limit] => 3600
    [user_id] => 4
)

[18-Dec-2019 15:58:28 UTC] デバッグ：現在日時タイムスタンプ：1576684708
[18-Dec-2019 15:58:28 UTC] デバッグ：ログイン期限日時タイムスタンプ：1576688300
[18-Dec-2019 15:58:28 UTC] デバッグ：ログイン済みユーザーです。
[18-Dec-2019 15:58:28 UTC] デバッグ：ログイン有効期限以内です。
[18-Dec-2019 15:58:28 UTC] デバッグ：自分の商品情報を取得します。
[18-Dec-2019 15:58:28 UTC] デバッグ：ユーザーID：4
[18-Dec-2019 15:58:28 UTC] デバッグ：クエリ成功。
[18-Dec-2019 15:58:28 UTC] デバッグ：自分のmsg情報を取得します。
[18-Dec-2019 15:58:28 UTC] デバッグ：クエリ成功。
[18-Dec-2019 15:58:28 UTC] デバッグ：自分のお気に入り情報を取得します。
[18-Dec-2019 15:58:28 UTC] デバッグ：ユーザーID：4
[18-Dec-2019 15:58:28 UTC] デバッグ：クエリ成功。
[18-Dec-2019 15:58:28 UTC] デバッグ：取得した商品データ：Array
(
)

[18-Dec-2019 15:58:28 UTC] デバッグ：取得した掲示板データ：Array
(
)

[18-Dec-2019 15:58:28 UTC] デバッグ：取得したお気に入りデータ：Array
(
)

[18-Dec-2019 15:58:28 UTC] デバッグ：画面表示処理終了 <<<<<<<<<<<<<<<<<<<<<<<<<<<<<<<<<<<<<<<<<<<<<<<<
[18-Dec-2019 15:58:29 UTC] デバッグ：「「「「「「「「「「「「「「「「「「「「「「「「「「「「「「「「「「「「「「「「
[18-Dec-2019 15:58:29 UTC] デバッグ：「　商品出品登録ページ　
[18-Dec-2019 15:58:29 UTC] デバッグ：「「「「「「「「「「「「「「「「「「「「「「「「「「「「「「「「「「「「「「「「
[18-Dec-2019 15:58:29 UTC] デバッグ：>>>>>>>>>>>>>>>>>>>>>>>>>>>>>>>>>>>>>>>>>>>>>>>> 画面表示処理開始
[18-Dec-2019 15:58:29 UTC] デバッグ：セッションID：41jqabv6i6avuea4ofpueokv8i
[18-Dec-2019 15:58:29 UTC] デバッグ：セッション変数の中身：Array
(
    [login_date] => 1576684708
    [login_limit] => 3600
    [user_id] => 4
)

[18-Dec-2019 15:58:29 UTC] デバッグ：現在日時タイムスタンプ：1576684709
[18-Dec-2019 15:58:29 UTC] デバッグ：ログイン期限日時タイムスタンプ：1576688308
[18-Dec-2019 15:58:29 UTC] デバッグ：ログイン済みユーザーです。
[18-Dec-2019 15:58:29 UTC] デバッグ：ログイン有効期限以内です。
[18-Dec-2019 15:58:29 UTC] デバッグ：カテゴリー情報を取得します。
[18-Dec-2019 15:58:29 UTC] デバッグ：クエリ成功。
[18-Dec-2019 15:58:29 UTC] デバッグ：商品ID：
[18-Dec-2019 15:58:29 UTC] デバッグ：フォーム用DBデータ：
[18-Dec-2019 15:58:29 UTC] デバッグ：カテゴリデータ：Array
(
    [0] => Array
        (
            [id] => 1
            [name] => スマホ
            [delete_flg] => 0
            [create_date] => 2019-10-26 00:00:00
            [update_date] => 2019-10-27 14:12:16
        )

    [1] => Array
        (
            [id] => 2
            [name] => 机
            [delete_flg] => 0
            [create_date] => 2019-10-26 00:00:00
            [update_date] => 2019-10-27 14:12:44
        )

)

[18-Dec-2019 15:58:29 UTC] デバッグ：画面表示処理終了 <<<<<<<<<<<<<<<<<<<<<<<<<<<<<<<<<<<<<<<<<<<<<<<<
[18-Dec-2019 15:58:40 UTC] デバッグ：「「「「「「「「「「「「「「「「「「「「「「「「「「「「「「「「「「「「「「「「
[18-Dec-2019 15:58:40 UTC] デバッグ：「　商品出品登録ページ　
[18-Dec-2019 15:58:40 UTC] デバッグ：「「「「「「「「「「「「「「「「「「「「「「「「「「「「「「「「「「「「「「「「
[18-Dec-2019 15:58:40 UTC] デバッグ：>>>>>>>>>>>>>>>>>>>>>>>>>>>>>>>>>>>>>>>>>>>>>>>> 画面表示処理開始
[18-Dec-2019 15:58:40 UTC] デバッグ：セッションID：3ajnk8grm4mslddhk2dn9dj50o
[18-Dec-2019 15:58:40 UTC] デバッグ：セッション変数の中身：Array
(
    [login_date] => 1576684709
    [login_limit] => 3600
    [user_id] => 4
)

[18-Dec-2019 15:58:40 UTC] デバッグ：現在日時タイムスタンプ：1576684720
[18-Dec-2019 15:58:40 UTC] デバッグ：ログイン期限日時タイムスタンプ：1576688309
[18-Dec-2019 15:58:40 UTC] デバッグ：ログイン済みユーザーです。
[18-Dec-2019 15:58:40 UTC] デバッグ：ログイン有効期限以内です。
[18-Dec-2019 15:58:40 UTC] デバッグ：カテゴリー情報を取得します。
[18-Dec-2019 15:58:40 UTC] デバッグ：クエリ成功。
[18-Dec-2019 15:58:40 UTC] デバッグ：商品ID：
[18-Dec-2019 15:58:40 UTC] デバッグ：フォーム用DBデータ：
[18-Dec-2019 15:58:40 UTC] デバッグ：カテゴリデータ：Array
(
    [0] => Array
        (
            [id] => 1
            [name] => スマホ
            [delete_flg] => 0
            [create_date] => 2019-10-26 00:00:00
            [update_date] => 2019-10-27 14:12:16
        )

    [1] => Array
        (
            [id] => 2
            [name] => 机
            [delete_flg] => 0
            [create_date] => 2019-10-26 00:00:00
            [update_date] => 2019-10-27 14:12:44
        )

)

[18-Dec-2019 15:58:40 UTC] デバッグ：POST送信があります。
[18-Dec-2019 15:58:40 UTC] デバッグ：POST情報：Array
(
    [name] => tse
    [category_id] => 1
    [comment] => saets
    [price] => 3000
    [MAX_FILE_SIZE] => 3145728
)

[18-Dec-2019 15:58:40 UTC] デバッグ：FILE情報：Array
(
    [pic1] => Array
        (
            [name] => 
            [type] => 
            [tmp_name] => 
            [error] => 4
            [size] => 0
        )

    [pic2] => Array
        (
            [name] => 
            [type] => 
            [tmp_name] => 
            [error] => 4
            [size] => 0
        )

    [pic3] => Array
        (
            [name] => 
            [type] => 
            [tmp_name] => 
            [error] => 4
            [size] => 0
        )

)

[18-Dec-2019 15:58:40 UTC] デバッグ：バリデーションOKです。
[18-Dec-2019 15:58:40 UTC] デバッグ：DB新規登録です。
[18-Dec-2019 15:58:40 UTC] デバッグ：SQL：insert into product (name, category_id, price, comment, pic1, pic2, pic3, user_id, create_date ) values (:name, :category, :price, :comment,  :pic1, :pic2, :pic3, :u_id, :date)
[18-Dec-2019 15:58:40 UTC] デバッグ：流し込みデータ：Array
(
    [:name] => tse
    [:category] => 1
    [:price] => 3000
    [:comment] => saets
    [:pic1] => 
    [:pic2] => 
    [:pic3] => 
    [:u_id] => 4
    [:date] => 2019-12-18 15:58:40
)

[18-Dec-2019 15:58:40 UTC] デバッグ：クエリに失敗しました。
[18-Dec-2019 15:58:40 UTC] デバッグ：失敗したSQL：PDOStatement Object
(
    [queryString] => insert into product (name, category_id, price, comment, pic1, pic2, pic3, user_id, create_date ) values (:name, :category, :price, :comment,  :pic1, :pic2, :pic3, :u_id, :date)
)

[18-Dec-2019 15:58:40 UTC] デバッグ：画面表示処理終了 <<<<<<<<<<<<<<<<<<<<<<<<<<<<<<<<<<<<<<<<<<<<<<<<
[18-Dec-2019 15:58:47 UTC] デバッグ：「「「「「「「「「「「「「「「「「「「「「「「「「「「「「「「「「「「「「「「「
[18-Dec-2019 15:58:47 UTC] デバッグ：「　トップページ　
[18-Dec-2019 15:58:47 UTC] デバッグ：「「「「「「「「「「「「「「「「「「「「「「「「「「「「「「「「「「「「「「「「
[18-Dec-2019 15:58:47 UTC] デバッグ：>>>>>>>>>>>>>>>>>>>>>>>>>>>>>>>>>>>>>>>>>>>>>>>> 画面表示処理開始
[18-Dec-2019 15:58:47 UTC] デバッグ：セッションID：jqgaptlv14dked0b0fjp0b250o
[18-Dec-2019 15:58:47 UTC] デバッグ：セッション変数の中身：Array
(
    [login_date] => 1576684720
    [login_limit] => 3600
    [user_id] => 4
)

[18-Dec-2019 15:58:47 UTC] デバッグ：現在日時タイムスタンプ：1576684727
[18-Dec-2019 15:58:47 UTC] デバッグ：ログイン期限日時タイムスタンプ：1576688320
[18-Dec-2019 15:58:47 UTC] デバッグ：商品情報を取得します。
[18-Dec-2019 15:58:47 UTC] デバッグ：クエリ成功。
[18-Dec-2019 15:58:47 UTC] デバッグ：SQL：SELECT * FROM product LIMIT 20 OFFSET 0
[18-Dec-2019 15:58:47 UTC] デバッグ：クエリ成功。
[18-Dec-2019 15:58:47 UTC] デバッグ：カテゴリー情報を取得します。
[18-Dec-2019 15:58:47 UTC] デバッグ：クエリ成功。
[18-Dec-2019 15:58:47 UTC] デバッグ：画面表示処理終了 <<<<<<<<<<<<<<<<<<<<<<<<<<<<<<<<<<<<<<<<<<<<<<<<
[10-Mar-2020 01:16:54 Asia/Tokyo] デバッグ：「「「「「「「「「「「「「「「「「「「「「「「「「「「「「「「「「「「「「「「「
[10-Mar-2020 01:16:54 Asia/Tokyo] デバッグ：「　トップページ　
[10-Mar-2020 01:16:54 Asia/Tokyo] デバッグ：「「「「「「「「「「「「「「「「「「「「「「「「「「「「「「「「「「「「「「「「
[10-Mar-2020 01:16:54 Asia/Tokyo] デバッグ：>>>>>>>>>>>>>>>>>>>>>>>>>>>>>>>>>>>>>>>>>>>>>>>> 画面表示処理開始
[10-Mar-2020 01:16:54 Asia/Tokyo] デバッグ：セッションID：bo4ak2faf5btv64gknc708sdpj
[10-Mar-2020 01:16:54 Asia/Tokyo] デバッグ：セッション変数の中身：Array
(
    [login_date] => 1583602696
    [login_limit] => 3600
    [user_id] => 2
)

[10-Mar-2020 01:16:54 Asia/Tokyo] デバッグ：現在日時タイムスタンプ：1583770614
[10-Mar-2020 01:16:54 Asia/Tokyo] デバッグ：ログイン期限日時タイムスタンプ：1583606296
[10-Mar-2020 01:16:54 Asia/Tokyo] デバッグ：商品情報を取得します。
[10-Mar-2020 01:16:54 Asia/Tokyo] デバッグ：クエリ成功。
[10-Mar-2020 01:16:54 Asia/Tokyo] デバッグ：SQL：SELECT * FROM product LIMIT 20 OFFSET 0
[10-Mar-2020 01:16:54 Asia/Tokyo] デバッグ：クエリ成功。
[10-Mar-2020 01:16:54 Asia/Tokyo] デバッグ：カテゴリー情報を取得します。
[10-Mar-2020 01:16:54 Asia/Tokyo] デバッグ：クエリ成功。
[10-Mar-2020 01:16:54 Asia/Tokyo] デバッグ：画面表示処理終了 <<<<<<<<<<<<<<<<<<<<<<<<<<<<<<<<<<<<<<<<<<<<<<<<
[10-Mar-2020 01:16:57 Asia/Tokyo] デバッグ：「「「「「「「「「「「「「「「「「「「「「「「「「「「「「「「「「「「「「「「「
[10-Mar-2020 01:16:57 Asia/Tokyo] デバッグ：「　ログアウトページ　
[10-Mar-2020 01:16:57 Asia/Tokyo] デバッグ：「「「「「「「「「「「「「「「「「「「「「「「「「「「「「「「「「「「「「「「「
[10-Mar-2020 01:16:57 Asia/Tokyo] デバッグ：>>>>>>>>>>>>>>>>>>>>>>>>>>>>>>>>>>>>>>>>>>>>>>>> 画面表示処理開始
[10-Mar-2020 01:16:57 Asia/Tokyo] デバッグ：セッションID：lv5rqobstq5diib4qoasnv8ipi
[10-Mar-2020 01:16:57 Asia/Tokyo] デバッグ：セッション変数の中身：Array
(
    [login_date] => 1583602696
    [login_limit] => 3600
    [user_id] => 2
)

[10-Mar-2020 01:16:57 Asia/Tokyo] デバッグ：現在日時タイムスタンプ：1583770617
[10-Mar-2020 01:16:57 Asia/Tokyo] デバッグ：ログイン期限日時タイムスタンプ：1583606296
[10-Mar-2020 01:16:57 Asia/Tokyo] デバッグ：ログアウトします。
[10-Mar-2020 01:16:57 Asia/Tokyo] デバッグ：ログインページへ遷移します。
[10-Mar-2020 01:16:57 Asia/Tokyo] デバッグ：「「「「「「「「「「「「「「「「「「「「「「「「「「「「「「「「「「「「「「「「
[10-Mar-2020 01:16:57 Asia/Tokyo] デバッグ：「　ログインページ　
[10-Mar-2020 01:16:57 Asia/Tokyo] デバッグ：「「「「「「「「「「「「「「「「「「「「「「「「「「「「「「「「「「「「「「「「
[10-Mar-2020 01:16:57 Asia/Tokyo] デバッグ：>>>>>>>>>>>>>>>>>>>>>>>>>>>>>>>>>>>>>>>>>>>>>>>> 画面表示処理開始
[10-Mar-2020 01:16:57 Asia/Tokyo] デバッグ：セッションID：mosdomls4b0r8sothd647n9te9
[10-Mar-2020 01:16:57 Asia/Tokyo] デバッグ：セッション変数の中身：Array
(
)

[10-Mar-2020 01:16:57 Asia/Tokyo] デバッグ：現在日時タイムスタンプ：1583770617
[10-Mar-2020 01:16:57 Asia/Tokyo] デバッグ：未ログインユーザーです。
[10-Mar-2020 01:16:57 Asia/Tokyo] デバッグ：画面表示処理終了 <<<<<<<<<<<<<<<<<<<<<<<<<<<<<<<<<<<<<<<<<<<<<<<<
[10-Mar-2020 01:18:03 Asia/Tokyo] デバッグ：「「「「「「「「「「「「「「「「「「「「「「「「「「「「「「「「「「「「「「「「
[10-Mar-2020 01:18:03 Asia/Tokyo] デバッグ：「　ユーザー登録ページ　
[10-Mar-2020 01:18:03 Asia/Tokyo] デバッグ：「「「「「「「「「「「「「「「「「「「「「「「「「「「「「「「「「「「「「「「「
[10-Mar-2020 01:18:03 Asia/Tokyo] デバッグ：>>>>>>>>>>>>>>>>>>>>>>>>>>>>>>>>>>>>>>>>>>>>>>>> 画面表示処理開始
[10-Mar-2020 01:18:03 Asia/Tokyo] デバッグ：セッションID：l17obgctlnems197f30eesned4
[10-Mar-2020 01:18:03 Asia/Tokyo] デバッグ：セッション変数の中身：Array
(
)

[10-Mar-2020 01:18:03 Asia/Tokyo] デバッグ：現在日時タイムスタンプ：1583770683
[10-Mar-2020 01:18:12 Asia/Tokyo] デバッグ：「「「「「「「「「「「「「「「「「「「「「「「「「「「「「「「「「「「「「「「「
[10-Mar-2020 01:18:12 Asia/Tokyo] デバッグ：「　ユーザー登録ページ　
[10-Mar-2020 01:18:12 Asia/Tokyo] デバッグ：「「「「「「「「「「「「「「「「「「「「「「「「「「「「「「「「「「「「「「「「
[10-Mar-2020 01:18:12 Asia/Tokyo] デバッグ：>>>>>>>>>>>>>>>>>>>>>>>>>>>>>>>>>>>>>>>>>>>>>>>> 画面表示処理開始
[10-Mar-2020 01:18:12 Asia/Tokyo] デバッグ：セッションID：maing02p8ijjeicn716ens05tg
[10-Mar-2020 01:18:12 Asia/Tokyo] デバッグ：セッション変数の中身：Array
(
)

[10-Mar-2020 01:18:12 Asia/Tokyo] デバッグ：現在日時タイムスタンプ：1583770692
[10-Mar-2020 01:18:12 Asia/Tokyo] デバッグ：クエリ成功。
[10-Mar-2020 01:19:02 Asia/Tokyo] デバッグ：「「「「「「「「「「「「「「「「「「「「「「「「「「「「「「「「「「「「「「「「
[10-Mar-2020 01:19:02 Asia/Tokyo] デバッグ：「　ユーザー登録ページ　
[10-Mar-2020 01:19:02 Asia/Tokyo] デバッグ：「「「「「「「「「「「「「「「「「「「「「「「「「「「「「「「「「「「「「「「「
[10-Mar-2020 01:19:02 Asia/Tokyo] デバッグ：>>>>>>>>>>>>>>>>>>>>>>>>>>>>>>>>>>>>>>>>>>>>>>>> 画面表示処理開始
[10-Mar-2020 01:19:02 Asia/Tokyo] デバッグ：セッションID：pjh8apqr3hooogtd3pughs5dpf
[10-Mar-2020 01:19:02 Asia/Tokyo] デバッグ：セッション変数の中身：Array
(
)

[10-Mar-2020 01:19:02 Asia/Tokyo] デバッグ：現在日時タイムスタンプ：1583770742
[10-Mar-2020 01:19:02 Asia/Tokyo] デバッグ：クエリ成功。
[10-Mar-2020 01:19:03 Asia/Tokyo] デバッグ：クエリ成功。
[10-Mar-2020 01:19:03 Asia/Tokyo] デバッグ：セッション変数の中身：Array
(
    [login_date] => 1583770743
    [login_limit] => 3600
    [user_id] => 6
)

[10-Mar-2020 01:19:03 Asia/Tokyo] デバッグ：「「「「「「「「「「「「「「「「「「「「「「「「「「「「「「「「「「「「「「「「
[10-Mar-2020 01:19:03 Asia/Tokyo] デバッグ：「　マイページ　
[10-Mar-2020 01:19:03 Asia/Tokyo] デバッグ：「「「「「「「「「「「「「「「「「「「「「「「「「「「「「「「「「「「「「「「「
[10-Mar-2020 01:19:03 Asia/Tokyo] デバッグ：>>>>>>>>>>>>>>>>>>>>>>>>>>>>>>>>>>>>>>>>>>>>>>>> 画面表示処理開始
[10-Mar-2020 01:19:03 Asia/Tokyo] デバッグ：セッションID：8vuaaeil9blgqcfteh8u5grfvn
[10-Mar-2020 01:19:03 Asia/Tokyo] デバッグ：セッション変数の中身：Array
(
    [login_date] => 1583770743
    [login_limit] => 3600
    [user_id] => 6
)

[10-Mar-2020 01:19:03 Asia/Tokyo] デバッグ：現在日時タイムスタンプ：1583770743
[10-Mar-2020 01:19:03 Asia/Tokyo] デバッグ：ログイン期限日時タイムスタンプ：1583774343
[10-Mar-2020 01:19:03 Asia/Tokyo] デバッグ：ログイン済みユーザーです。
[10-Mar-2020 01:19:03 Asia/Tokyo] デバッグ：ログイン有効期限以内です。
[10-Mar-2020 01:19:03 Asia/Tokyo] デバッグ：自分の商品情報を取得します。
[10-Mar-2020 01:19:03 Asia/Tokyo] デバッグ：ユーザーID：6
[10-Mar-2020 01:19:03 Asia/Tokyo] デバッグ：クエリ成功。
[10-Mar-2020 01:19:03 Asia/Tokyo] デバッグ：自分のmsg情報を取得します。
[10-Mar-2020 01:19:03 Asia/Tokyo] デバッグ：クエリ成功。
[10-Mar-2020 01:19:03 Asia/Tokyo] デバッグ：自分のお気に入り情報を取得します。
[10-Mar-2020 01:19:03 Asia/Tokyo] デバッグ：ユーザーID：6
[10-Mar-2020 01:19:03 Asia/Tokyo] デバッグ：クエリ成功。
[10-Mar-2020 01:19:03 Asia/Tokyo] デバッグ：取得した商品データ：Array
(
)

[10-Mar-2020 01:19:03 Asia/Tokyo] デバッグ：取得した掲示板データ：Array
(
)

[10-Mar-2020 01:19:03 Asia/Tokyo] デバッグ：取得したお気に入りデータ：Array
(
)

[10-Mar-2020 01:19:03 Asia/Tokyo] デバッグ：画面表示処理終了 <<<<<<<<<<<<<<<<<<<<<<<<<<<<<<<<<<<<<<<<<<<<<<<<
[10-Mar-2020 01:42:51 Asia/Tokyo] デバッグ：「「「「「「「「「「「「「「「「「「「「「「「「「「「「「「「「「「「「「「「「
[10-Mar-2020 01:42:51 Asia/Tokyo] デバッグ：「　ログアウトページ　
[10-Mar-2020 01:42:51 Asia/Tokyo] デバッグ：「「「「「「「「「「「「「「「「「「「「「「「「「「「「「「「「「「「「「「「「
[10-Mar-2020 01:42:51 Asia/Tokyo] デバッグ：>>>>>>>>>>>>>>>>>>>>>>>>>>>>>>>>>>>>>>>>>>>>>>>> 画面表示処理開始
[10-Mar-2020 01:42:51 Asia/Tokyo] デバッグ：セッションID：ut868klckhogttl4t70fk6545p
[10-Mar-2020 01:42:51 Asia/Tokyo] デバッグ：セッション変数の中身：Array
(
    [login_date] => 1583770743
    [login_limit] => 3600
    [user_id] => 6
)

[10-Mar-2020 01:42:51 Asia/Tokyo] デバッグ：現在日時タイムスタンプ：1583772171
[10-Mar-2020 01:42:51 Asia/Tokyo] デバッグ：ログイン期限日時タイムスタンプ：1583774343
[10-Mar-2020 01:42:51 Asia/Tokyo] デバッグ：ログアウトします。
[10-Mar-2020 01:42:51 Asia/Tokyo] デバッグ：ログインページへ遷移します。
[10-Mar-2020 01:42:51 Asia/Tokyo] デバッグ：「「「「「「「「「「「「「「「「「「「「「「「「「「「「「「「「「「「「「「「「
[10-Mar-2020 01:42:51 Asia/Tokyo] デバッグ：「　ログインページ　
[10-Mar-2020 01:42:51 Asia/Tokyo] デバッグ：「「「「「「「「「「「「「「「「「「「「「「「「「「「「「「「「「「「「「「「「
[10-Mar-2020 01:42:51 Asia/Tokyo] デバッグ：>>>>>>>>>>>>>>>>>>>>>>>>>>>>>>>>>>>>>>>>>>>>>>>> 画面表示処理開始
[10-Mar-2020 01:42:51 Asia/Tokyo] デバッグ：セッションID：2tu36fddmckke513affuc03sgu
[10-Mar-2020 01:42:51 Asia/Tokyo] デバッグ：セッション変数の中身：Array
(
)

[10-Mar-2020 01:42:51 Asia/Tokyo] デバッグ：現在日時タイムスタンプ：1583772171
[10-Mar-2020 01:42:51 Asia/Tokyo] デバッグ：未ログインユーザーです。
[10-Mar-2020 01:42:51 Asia/Tokyo] デバッグ：画面表示処理終了 <<<<<<<<<<<<<<<<<<<<<<<<<<<<<<<<<<<<<<<<<<<<<<<<
[10-Mar-2020 01:43:00 Asia/Tokyo] デバッグ：「「「「「「「「「「「「「「「「「「「「「「「「「「「「「「「「「「「「「「「「
[10-Mar-2020 01:43:00 Asia/Tokyo] デバッグ：「　ログインページ　
[10-Mar-2020 01:43:00 Asia/Tokyo] デバッグ：「「「「「「「「「「「「「「「「「「「「「「「「「「「「「「「「「「「「「「「「
[10-Mar-2020 01:43:00 Asia/Tokyo] デバッグ：>>>>>>>>>>>>>>>>>>>>>>>>>>>>>>>>>>>>>>>>>>>>>>>> 画面表示処理開始
[10-Mar-2020 01:43:00 Asia/Tokyo] デバッグ：セッションID：77o15vkb8fbo9gu4e93fbpvh4m
[10-Mar-2020 01:43:00 Asia/Tokyo] デバッグ：セッション変数の中身：Array
(
)

[10-Mar-2020 01:43:00 Asia/Tokyo] デバッグ：現在日時タイムスタンプ：1583772180
[10-Mar-2020 01:43:00 Asia/Tokyo] デバッグ：未ログインユーザーです。
[10-Mar-2020 01:43:00 Asia/Tokyo] デバッグ：POST送信があります。
[10-Mar-2020 01:43:00 Asia/Tokyo] デバッグ：バリデーションOKです。
[10-Mar-2020 01:43:00 Asia/Tokyo] エラー発生:SQLSTATE[HY000] [1049] Unknown database 'boardgame_app'
[10-Mar-2020 01:43:00 Asia/Tokyo] デバッグ：画面表示処理終了 <<<<<<<<<<<<<<<<<<<<<<<<<<<<<<<<<<<<<<<<<<<<<<<<
[10-Mar-2020 01:43:44 Asia/Tokyo] デバッグ：「「「「「「「「「「「「「「「「「「「「「「「「「「「「「「「「「「「「「「「「
[10-Mar-2020 01:43:44 Asia/Tokyo] デバッグ：「　ログインページ　
[10-Mar-2020 01:43:44 Asia/Tokyo] デバッグ：「「「「「「「「「「「「「「「「「「「「「「「「「「「「「「「「「「「「「「「「
[10-Mar-2020 01:43:44 Asia/Tokyo] デバッグ：>>>>>>>>>>>>>>>>>>>>>>>>>>>>>>>>>>>>>>>>>>>>>>>> 画面表示処理開始
[10-Mar-2020 01:43:44 Asia/Tokyo] デバッグ：セッションID：ancrbh070tlvs2qp51puens6f3
[10-Mar-2020 01:43:44 Asia/Tokyo] デバッグ：セッション変数の中身：Array
(
)

[10-Mar-2020 01:43:44 Asia/Tokyo] デバッグ：現在日時タイムスタンプ：1583772224
[10-Mar-2020 01:43:44 Asia/Tokyo] デバッグ：未ログインユーザーです。
[10-Mar-2020 01:43:44 Asia/Tokyo] デバッグ：POST送信があります。
[10-Mar-2020 01:43:44 Asia/Tokyo] デバッグ：バリデーションOKです。
[10-Mar-2020 01:43:44 Asia/Tokyo] デバッグ：クエリ成功。
[10-Mar-2020 01:43:44 Asia/Tokyo] デバッグ：クエリ結果の中身：Array
(
    [password] => $2y$10$a1Mz.tK4pNP5Ds4f05kvV.VtCc8ZeURogLyvHdgJCE5AQysFS.LAC
    [id] => 6
)

[10-Mar-2020 01:43:44 Asia/Tokyo] デバッグ：パスワードがマッチしました。
[10-Mar-2020 01:43:44 Asia/Tokyo] デバッグ：ログイン保持にチェックはありません。
[10-Mar-2020 01:43:44 Asia/Tokyo] デバッグ：セッション変数の中身：Array
(
    [login_date] => 1583772224
    [login_limit] => 3600
    [user_id] => 6
)

[10-Mar-2020 01:43:44 Asia/Tokyo] デバッグ：マイページへ遷移します。
[10-Mar-2020 01:43:44 Asia/Tokyo] デバッグ：画面表示処理終了 <<<<<<<<<<<<<<<<<<<<<<<<<<<<<<<<<<<<<<<<<<<<<<<<
[10-Mar-2020 01:43:44 Asia/Tokyo] デバッグ：「「「「「「「「「「「「「「「「「「「「「「「「「「「「「「「「「「「「「「「「
[10-Mar-2020 01:43:44 Asia/Tokyo] デバッグ：「　マイページ　
[10-Mar-2020 01:43:44 Asia/Tokyo] デバッグ：「「「「「「「「「「「「「「「「「「「「「「「「「「「「「「「「「「「「「「「「
[10-Mar-2020 01:43:44 Asia/Tokyo] デバッグ：>>>>>>>>>>>>>>>>>>>>>>>>>>>>>>>>>>>>>>>>>>>>>>>> 画面表示処理開始
[10-Mar-2020 01:43:44 Asia/Tokyo] デバッグ：セッションID：rhk8nv30euko2okf1egi1i9cir
[10-Mar-2020 01:43:44 Asia/Tokyo] デバッグ：セッション変数の中身：Array
(
    [login_date] => 1583772224
    [login_limit] => 3600
    [user_id] => 6
)

[10-Mar-2020 01:43:44 Asia/Tokyo] デバッグ：現在日時タイムスタンプ：1583772224
[10-Mar-2020 01:43:44 Asia/Tokyo] デバッグ：ログイン期限日時タイムスタンプ：1583775824
[10-Mar-2020 01:43:44 Asia/Tokyo] デバッグ：ログイン済みユーザーです。
[10-Mar-2020 01:43:44 Asia/Tokyo] デバッグ：ログイン有効期限以内です。
[10-Mar-2020 01:43:44 Asia/Tokyo] デバッグ：自分の商品情報を取得します。
[10-Mar-2020 01:43:44 Asia/Tokyo] デバッグ：ユーザーID：6
[10-Mar-2020 01:43:44 Asia/Tokyo] デバッグ：クエリ成功。
[10-Mar-2020 01:43:44 Asia/Tokyo] デバッグ：自分のmsg情報を取得します。
[10-Mar-2020 01:43:44 Asia/Tokyo] デバッグ：クエリ成功。
[10-Mar-2020 01:43:44 Asia/Tokyo] デバッグ：自分のお気に入り情報を取得します。
[10-Mar-2020 01:43:44 Asia/Tokyo] デバッグ：ユーザーID：6
[10-Mar-2020 01:43:44 Asia/Tokyo] デバッグ：クエリ成功。
[10-Mar-2020 01:43:44 Asia/Tokyo] デバッグ：取得した商品データ：Array
(
)

[10-Mar-2020 01:43:44 Asia/Tokyo] デバッグ：取得した掲示板データ：Array
(
)

[10-Mar-2020 01:43:44 Asia/Tokyo] デバッグ：取得したお気に入りデータ：Array
(
)

[10-Mar-2020 01:43:44 Asia/Tokyo] デバッグ：画面表示処理終了 <<<<<<<<<<<<<<<<<<<<<<<<<<<<<<<<<<<<<<<<<<<<<<<<
[10-Mar-2020 01:43:48 Asia/Tokyo] デバッグ：「「「「「「「「「「「「「「「「「「「「「「「「「「「「「「「「「「「「「「「「
[10-Mar-2020 01:43:48 Asia/Tokyo] デバッグ：「　トップページ　
[10-Mar-2020 01:43:48 Asia/Tokyo] デバッグ：「「「「「「「「「「「「「「「「「「「「「「「「「「「「「「「「「「「「「「「「
[10-Mar-2020 01:43:48 Asia/Tokyo] デバッグ：>>>>>>>>>>>>>>>>>>>>>>>>>>>>>>>>>>>>>>>>>>>>>>>> 画面表示処理開始
[10-Mar-2020 01:43:48 Asia/Tokyo] デバッグ：セッションID：f0bj0jvm5d9gikc7t9r66v5fn6
[10-Mar-2020 01:43:48 Asia/Tokyo] デバッグ：セッション変数の中身：Array
(
    [login_date] => 1583772224
    [login_limit] => 3600
    [user_id] => 6
)

[10-Mar-2020 01:43:48 Asia/Tokyo] デバッグ：現在日時タイムスタンプ：1583772228
[10-Mar-2020 01:43:48 Asia/Tokyo] デバッグ：ログイン期限日時タイムスタンプ：1583775824
[10-Mar-2020 01:43:48 Asia/Tokyo] デバッグ：商品情報を取得します。
[10-Mar-2020 01:43:48 Asia/Tokyo] デバッグ：クエリ成功。
[10-Mar-2020 01:43:48 Asia/Tokyo] デバッグ：SQL：SELECT * FROM product LIMIT 20 OFFSET 0
[10-Mar-2020 01:43:48 Asia/Tokyo] デバッグ：クエリ成功。
[10-Mar-2020 01:43:48 Asia/Tokyo] デバッグ：カテゴリー情報を取得します。
[10-Mar-2020 01:43:48 Asia/Tokyo] デバッグ：クエリ成功。
[10-Mar-2020 01:43:48 Asia/Tokyo] デバッグ：画面表示処理終了 <<<<<<<<<<<<<<<<<<<<<<<<<<<<<<<<<<<<<<<<<<<<<<<<
[10-Mar-2020 01:43:53 Asia/Tokyo] デバッグ：「「「「「「「「「「「「「「「「「「「「「「「「「「「「「「「「「「「「「「「「
[10-Mar-2020 01:43:53 Asia/Tokyo] デバッグ：「　マイページ　
[10-Mar-2020 01:43:53 Asia/Tokyo] デバッグ：「「「「「「「「「「「「「「「「「「「「「「「「「「「「「「「「「「「「「「「「
[10-Mar-2020 01:43:53 Asia/Tokyo] デバッグ：>>>>>>>>>>>>>>>>>>>>>>>>>>>>>>>>>>>>>>>>>>>>>>>> 画面表示処理開始
[10-Mar-2020 01:43:53 Asia/Tokyo] デバッグ：セッションID：t1fg7au28btev1jjun4md3o16f
[10-Mar-2020 01:43:53 Asia/Tokyo] デバッグ：セッション変数の中身：Array
(
    [login_date] => 1583772224
    [login_limit] => 3600
    [user_id] => 6
)

[10-Mar-2020 01:43:53 Asia/Tokyo] デバッグ：現在日時タイムスタンプ：1583772233
[10-Mar-2020 01:43:53 Asia/Tokyo] デバッグ：ログイン期限日時タイムスタンプ：1583775824
[10-Mar-2020 01:43:53 Asia/Tokyo] デバッグ：ログイン済みユーザーです。
[10-Mar-2020 01:43:53 Asia/Tokyo] デバッグ：ログイン有効期限以内です。
[10-Mar-2020 01:43:53 Asia/Tokyo] デバッグ：自分の商品情報を取得します。
[10-Mar-2020 01:43:53 Asia/Tokyo] デバッグ：ユーザーID：6
[10-Mar-2020 01:43:53 Asia/Tokyo] デバッグ：クエリ成功。
[10-Mar-2020 01:43:53 Asia/Tokyo] デバッグ：自分のmsg情報を取得します。
[10-Mar-2020 01:43:53 Asia/Tokyo] デバッグ：クエリ成功。
[10-Mar-2020 01:43:53 Asia/Tokyo] デバッグ：自分のお気に入り情報を取得します。
[10-Mar-2020 01:43:53 Asia/Tokyo] デバッグ：ユーザーID：6
[10-Mar-2020 01:43:53 Asia/Tokyo] デバッグ：クエリ成功。
[10-Mar-2020 01:43:53 Asia/Tokyo] デバッグ：取得した商品データ：Array
(
)

[10-Mar-2020 01:43:53 Asia/Tokyo] デバッグ：取得した掲示板データ：Array
(
)

[10-Mar-2020 01:43:53 Asia/Tokyo] デバッグ：取得したお気に入りデータ：Array
(
)

[10-Mar-2020 01:43:53 Asia/Tokyo] デバッグ：画面表示処理終了 <<<<<<<<<<<<<<<<<<<<<<<<<<<<<<<<<<<<<<<<<<<<<<<<
[10-Mar-2020 01:43:58 Asia/Tokyo] デバッグ：「「「「「「「「「「「「「「「「「「「「「「「「「「「「「「「「「「「「「「「「
[10-Mar-2020 01:43:58 Asia/Tokyo] デバッグ：「　マイページ　
[10-Mar-2020 01:43:58 Asia/Tokyo] デバッグ：「「「「「「「「「「「「「「「「「「「「「「「「「「「「「「「「「「「「「「「「
[10-Mar-2020 01:43:58 Asia/Tokyo] デバッグ：>>>>>>>>>>>>>>>>>>>>>>>>>>>>>>>>>>>>>>>>>>>>>>>> 画面表示処理開始
[10-Mar-2020 01:43:58 Asia/Tokyo] デバッグ：セッションID：alv4bmr4ddbc4umjb9libkmd3l
[10-Mar-2020 01:43:58 Asia/Tokyo] デバッグ：セッション変数の中身：Array
(
    [login_date] => 1583772233
    [login_limit] => 3600
    [user_id] => 6
)

[10-Mar-2020 01:43:58 Asia/Tokyo] デバッグ：現在日時タイムスタンプ：1583772238
[10-Mar-2020 01:43:58 Asia/Tokyo] デバッグ：ログイン期限日時タイムスタンプ：1583775833
[10-Mar-2020 01:43:58 Asia/Tokyo] デバッグ：ログイン済みユーザーです。
[10-Mar-2020 01:43:58 Asia/Tokyo] デバッグ：ログイン有効期限以内です。
[10-Mar-2020 01:43:58 Asia/Tokyo] デバッグ：自分の商品情報を取得します。
[10-Mar-2020 01:43:58 Asia/Tokyo] デバッグ：ユーザーID：6
[10-Mar-2020 01:43:58 Asia/Tokyo] デバッグ：クエリ成功。
[10-Mar-2020 01:43:58 Asia/Tokyo] デバッグ：自分のmsg情報を取得します。
[10-Mar-2020 01:43:58 Asia/Tokyo] デバッグ：クエリ成功。
[10-Mar-2020 01:43:58 Asia/Tokyo] デバッグ：自分のお気に入り情報を取得します。
[10-Mar-2020 01:43:58 Asia/Tokyo] デバッグ：ユーザーID：6
[10-Mar-2020 01:43:58 Asia/Tokyo] デバッグ：クエリ成功。
[10-Mar-2020 01:43:58 Asia/Tokyo] デバッグ：取得した商品データ：Array
(
)

[10-Mar-2020 01:43:58 Asia/Tokyo] デバッグ：取得した掲示板データ：Array
(
)

[10-Mar-2020 01:43:58 Asia/Tokyo] デバッグ：取得したお気に入りデータ：Array
(
)

[10-Mar-2020 01:43:58 Asia/Tokyo] デバッグ：画面表示処理終了 <<<<<<<<<<<<<<<<<<<<<<<<<<<<<<<<<<<<<<<<<<<<<<<<
[10-Mar-2020 01:44:01 Asia/Tokyo] デバッグ：「「「「「「「「「「「「「「「「「「「「「「「「「「「「「「「「「「「「「「「「
[10-Mar-2020 01:44:01 Asia/Tokyo] デバッグ：「　トップページ　
[10-Mar-2020 01:44:01 Asia/Tokyo] デバッグ：「「「「「「「「「「「「「「「「「「「「「「「「「「「「「「「「「「「「「「「「
[10-Mar-2020 01:44:01 Asia/Tokyo] デバッグ：>>>>>>>>>>>>>>>>>>>>>>>>>>>>>>>>>>>>>>>>>>>>>>>> 画面表示処理開始
[10-Mar-2020 01:44:01 Asia/Tokyo] デバッグ：セッションID：pqvbtdavam66h1d93rh8eint3u
[10-Mar-2020 01:44:01 Asia/Tokyo] デバッグ：セッション変数の中身：Array
(
    [login_date] => 1583772238
    [login_limit] => 3600
    [user_id] => 6
)

[10-Mar-2020 01:44:01 Asia/Tokyo] デバッグ：現在日時タイムスタンプ：1583772241
[10-Mar-2020 01:44:01 Asia/Tokyo] デバッグ：ログイン期限日時タイムスタンプ：1583775838
[10-Mar-2020 01:44:01 Asia/Tokyo] デバッグ：商品情報を取得します。
[10-Mar-2020 01:44:01 Asia/Tokyo] デバッグ：クエリ成功。
[10-Mar-2020 01:44:01 Asia/Tokyo] デバッグ：SQL：SELECT * FROM product LIMIT 20 OFFSET 0
[10-Mar-2020 01:44:01 Asia/Tokyo] デバッグ：クエリ成功。
[10-Mar-2020 01:44:01 Asia/Tokyo] デバッグ：カテゴリー情報を取得します。
[10-Mar-2020 01:44:01 Asia/Tokyo] デバッグ：クエリ成功。
[10-Mar-2020 01:44:01 Asia/Tokyo] デバッグ：画面表示処理終了 <<<<<<<<<<<<<<<<<<<<<<<<<<<<<<<<<<<<<<<<<<<<<<<<
[10-Mar-2020 02:13:47 Asia/Tokyo] デバッグ：「「「「「「「「「「「「「「「「「「「「「「「「「「「「「「「「「「「「「「「「
[10-Mar-2020 02:13:47 Asia/Tokyo] デバッグ：「　トップページ　
[10-Mar-2020 02:13:47 Asia/Tokyo] デバッグ：「「「「「「「「「「「「「「「「「「「「「「「「「「「「「「「「「「「「「「「「
[10-Mar-2020 02:13:47 Asia/Tokyo] デバッグ：>>>>>>>>>>>>>>>>>>>>>>>>>>>>>>>>>>>>>>>>>>>>>>>> 画面表示処理開始
[10-Mar-2020 02:13:47 Asia/Tokyo] デバッグ：セッションID：d3rmg5l65oomca5cl17dhsq1fp
[10-Mar-2020 02:13:47 Asia/Tokyo] デバッグ：セッション変数の中身：Array
(
    [login_date] => 1583772238
    [login_limit] => 3600
    [user_id] => 6
)

[10-Mar-2020 02:13:47 Asia/Tokyo] デバッグ：現在日時タイムスタンプ：1583774027
[10-Mar-2020 02:13:47 Asia/Tokyo] デバッグ：ログイン期限日時タイムスタンプ：1583775838
[10-Mar-2020 02:13:47 Asia/Tokyo] デバッグ：商品情報を取得します。
[10-Mar-2020 02:13:47 Asia/Tokyo] デバッグ：クエリ成功。
[10-Mar-2020 02:13:47 Asia/Tokyo] デバッグ：SQL：SELECT * FROM product LIMIT 20 OFFSET 0
[10-Mar-2020 02:13:47 Asia/Tokyo] デバッグ：クエリ成功。
[10-Mar-2020 02:13:47 Asia/Tokyo] デバッグ：カテゴリー情報を取得します。
[10-Mar-2020 02:13:47 Asia/Tokyo] デバッグ：クエリ成功。
[10-Mar-2020 02:13:47 Asia/Tokyo] デバッグ：画面表示処理終了 <<<<<<<<<<<<<<<<<<<<<<<<<<<<<<<<<<<<<<<<<<<<<<<<
[10-Mar-2020 02:16:48 Asia/Tokyo] デバッグ：「「「「「「「「「「「「「「「「「「「「「「「「「「「「「「「「「「「「「「「「
[10-Mar-2020 02:16:48 Asia/Tokyo] デバッグ：「　トップページ　
[10-Mar-2020 02:16:48 Asia/Tokyo] デバッグ：「「「「「「「「「「「「「「「「「「「「「「「「「「「「「「「「「「「「「「「「
[10-Mar-2020 02:16:48 Asia/Tokyo] デバッグ：>>>>>>>>>>>>>>>>>>>>>>>>>>>>>>>>>>>>>>>>>>>>>>>> 画面表示処理開始
[10-Mar-2020 02:16:48 Asia/Tokyo] デバッグ：セッションID：ruhvntp7htv1vea2aotmkbbfmi
[10-Mar-2020 02:16:48 Asia/Tokyo] デバッグ：セッション変数の中身：Array
(
    [login_date] => 1583772238
    [login_limit] => 3600
    [user_id] => 6
)

[10-Mar-2020 02:16:48 Asia/Tokyo] デバッグ：現在日時タイムスタンプ：1583774208
[10-Mar-2020 02:16:48 Asia/Tokyo] デバッグ：ログイン期限日時タイムスタンプ：1583775838
[10-Mar-2020 02:16:48 Asia/Tokyo] デバッグ：商品情報を取得します。
[10-Mar-2020 02:16:48 Asia/Tokyo] デバッグ：クエリ成功。
[10-Mar-2020 02:16:48 Asia/Tokyo] デバッグ：SQL：SELECT * FROM product LIMIT 20 OFFSET 0
[10-Mar-2020 02:16:48 Asia/Tokyo] デバッグ：クエリ成功。
[10-Mar-2020 02:16:48 Asia/Tokyo] デバッグ：カテゴリー情報を取得します。
[10-Mar-2020 02:16:48 Asia/Tokyo] デバッグ：クエリ成功。
[10-Mar-2020 02:16:48 Asia/Tokyo] デバッグ：画面表示処理終了 <<<<<<<<<<<<<<<<<<<<<<<<<<<<<<<<<<<<<<<<<<<<<<<<
[10-Mar-2020 02:17:34 Asia/Tokyo] デバッグ：「「「「「「「「「「「「「「「「「「「「「「「「「「「「「「「「「「「「「「「「
[10-Mar-2020 02:17:34 Asia/Tokyo] デバッグ：「　トップページ　
[10-Mar-2020 02:17:34 Asia/Tokyo] デバッグ：「「「「「「「「「「「「「「「「「「「「「「「「「「「「「「「「「「「「「「「「
[10-Mar-2020 02:17:34 Asia/Tokyo] デバッグ：>>>>>>>>>>>>>>>>>>>>>>>>>>>>>>>>>>>>>>>>>>>>>>>> 画面表示処理開始
[10-Mar-2020 02:17:34 Asia/Tokyo] デバッグ：セッションID：cok5p7deh4njh3tlu38ivjsfr8
[10-Mar-2020 02:17:34 Asia/Tokyo] デバッグ：セッション変数の中身：Array
(
    [login_date] => 1583772238
    [login_limit] => 3600
    [user_id] => 6
)

[10-Mar-2020 02:17:34 Asia/Tokyo] デバッグ：現在日時タイムスタンプ：1583774254
[10-Mar-2020 02:17:34 Asia/Tokyo] デバッグ：ログイン期限日時タイムスタンプ：1583775838
[10-Mar-2020 02:17:34 Asia/Tokyo] デバッグ：商品情報を取得します。
[10-Mar-2020 02:17:34 Asia/Tokyo] デバッグ：クエリ成功。
[10-Mar-2020 02:17:34 Asia/Tokyo] デバッグ：SQL：SELECT * FROM product LIMIT 20 OFFSET 0
[10-Mar-2020 02:17:34 Asia/Tokyo] デバッグ：クエリ成功。
[10-Mar-2020 02:17:34 Asia/Tokyo] デバッグ：カテゴリー情報を取得します。
[10-Mar-2020 02:17:34 Asia/Tokyo] デバッグ：クエリ成功。
[10-Mar-2020 02:17:34 Asia/Tokyo] デバッグ：画面表示処理終了 <<<<<<<<<<<<<<<<<<<<<<<<<<<<<<<<<<<<<<<<<<<<<<<<
[10-Mar-2020 02:20:56 Asia/Tokyo] デバッグ：「「「「「「「「「「「「「「「「「「「「「「「「「「「「「「「「「「「「「「「「
[10-Mar-2020 02:20:56 Asia/Tokyo] デバッグ：「　マイページ　
[10-Mar-2020 02:20:56 Asia/Tokyo] デバッグ：「「「「「「「「「「「「「「「「「「「「「「「「「「「「「「「「「「「「「「「「
[10-Mar-2020 02:20:56 Asia/Tokyo] デバッグ：>>>>>>>>>>>>>>>>>>>>>>>>>>>>>>>>>>>>>>>>>>>>>>>> 画面表示処理開始
[10-Mar-2020 02:20:56 Asia/Tokyo] デバッグ：セッションID：clli35aupd327jii15st1bfsoa
[10-Mar-2020 02:20:56 Asia/Tokyo] デバッグ：セッション変数の中身：Array
(
    [login_date] => 1583772238
    [login_limit] => 3600
    [user_id] => 6
)

[10-Mar-2020 02:20:56 Asia/Tokyo] デバッグ：現在日時タイムスタンプ：1583774456
[10-Mar-2020 02:20:56 Asia/Tokyo] デバッグ：ログイン期限日時タイムスタンプ：1583775838
[10-Mar-2020 02:20:56 Asia/Tokyo] デバッグ：ログイン済みユーザーです。
[10-Mar-2020 02:20:56 Asia/Tokyo] デバッグ：ログイン有効期限以内です。
[10-Mar-2020 02:20:56 Asia/Tokyo] デバッグ：自分の商品情報を取得します。
[10-Mar-2020 02:20:56 Asia/Tokyo] デバッグ：ユーザーID：6
[10-Mar-2020 02:20:56 Asia/Tokyo] デバッグ：クエリ成功。
[10-Mar-2020 02:20:56 Asia/Tokyo] デバッグ：自分のmsg情報を取得します。
[10-Mar-2020 02:20:56 Asia/Tokyo] デバッグ：クエリ成功。
[10-Mar-2020 02:20:56 Asia/Tokyo] デバッグ：自分のお気に入り情報を取得します。
[10-Mar-2020 02:20:56 Asia/Tokyo] デバッグ：ユーザーID：6
[10-Mar-2020 02:20:56 Asia/Tokyo] デバッグ：クエリ成功。
[10-Mar-2020 02:20:56 Asia/Tokyo] デバッグ：取得した商品データ：Array
(
)

[10-Mar-2020 02:20:56 Asia/Tokyo] デバッグ：取得した掲示板データ：Array
(
)

[10-Mar-2020 02:20:56 Asia/Tokyo] デバッグ：取得したお気に入りデータ：Array
(
)

[10-Mar-2020 02:20:56 Asia/Tokyo] デバッグ：画面表示処理終了 <<<<<<<<<<<<<<<<<<<<<<<<<<<<<<<<<<<<<<<<<<<<<<<<
[10-Mar-2020 02:22:00 Asia/Tokyo] デバッグ：「「「「「「「「「「「「「「「「「「「「「「「「「「「「「「「「「「「「「「「「
[10-Mar-2020 02:22:00 Asia/Tokyo] デバッグ：「　ログインページ　
[10-Mar-2020 02:22:00 Asia/Tokyo] デバッグ：「「「「「「「「「「「「「「「「「「「「「「「「「「「「「「「「「「「「「「「「
[10-Mar-2020 02:22:00 Asia/Tokyo] デバッグ：>>>>>>>>>>>>>>>>>>>>>>>>>>>>>>>>>>>>>>>>>>>>>>>> 画面表示処理開始
[10-Mar-2020 02:22:00 Asia/Tokyo] デバッグ：セッションID：aa8sbfdinjuld9q9hdcdskdbvl
[10-Mar-2020 02:22:00 Asia/Tokyo] デバッグ：セッション変数の中身：Array
(
    [login_date] => 1583774456
    [login_limit] => 3600
    [user_id] => 6
)

[10-Mar-2020 02:22:00 Asia/Tokyo] デバッグ：現在日時タイムスタンプ：1583774520
[10-Mar-2020 02:22:00 Asia/Tokyo] デバッグ：ログイン期限日時タイムスタンプ：1583778056
[10-Mar-2020 02:22:00 Asia/Tokyo] デバッグ：ログイン済みユーザーです。
[10-Mar-2020 02:22:00 Asia/Tokyo] デバッグ：ログイン有効期限以内です。
[10-Mar-2020 02:22:00 Asia/Tokyo] デバッグ：マイページへ遷移します。
[10-Mar-2020 02:22:00 Asia/Tokyo] デバッグ：画面表示処理終了 <<<<<<<<<<<<<<<<<<<<<<<<<<<<<<<<<<<<<<<<<<<<<<<<
[10-Mar-2020 02:22:00 Asia/Tokyo] デバッグ：「「「「「「「「「「「「「「「「「「「「「「「「「「「「「「「「「「「「「「「「
[10-Mar-2020 02:22:00 Asia/Tokyo] デバッグ：「　マイページ　
[10-Mar-2020 02:22:00 Asia/Tokyo] デバッグ：「「「「「「「「「「「「「「「「「「「「「「「「「「「「「「「「「「「「「「「「
[10-Mar-2020 02:22:00 Asia/Tokyo] デバッグ：>>>>>>>>>>>>>>>>>>>>>>>>>>>>>>>>>>>>>>>>>>>>>>>> 画面表示処理開始
[10-Mar-2020 02:22:00 Asia/Tokyo] デバッグ：セッションID：j7aaqvc8l6654dkjn26rgviejj
[10-Mar-2020 02:22:00 Asia/Tokyo] デバッグ：セッション変数の中身：Array
(
    [login_date] => 1583774520
    [login_limit] => 3600
    [user_id] => 6
)

[10-Mar-2020 02:22:00 Asia/Tokyo] デバッグ：現在日時タイムスタンプ：1583774520
[10-Mar-2020 02:22:00 Asia/Tokyo] デバッグ：ログイン期限日時タイムスタンプ：1583778120
[10-Mar-2020 02:22:00 Asia/Tokyo] デバッグ：ログイン済みユーザーです。
[10-Mar-2020 02:22:00 Asia/Tokyo] デバッグ：ログイン有効期限以内です。
[10-Mar-2020 02:22:00 Asia/Tokyo] デバッグ：自分の商品情報を取得します。
[10-Mar-2020 02:22:00 Asia/Tokyo] デバッグ：ユーザーID：6
[10-Mar-2020 02:22:00 Asia/Tokyo] デバッグ：クエリ成功。
[10-Mar-2020 02:22:00 Asia/Tokyo] デバッグ：自分のmsg情報を取得します。
[10-Mar-2020 02:22:00 Asia/Tokyo] デバッグ：クエリ成功。
[10-Mar-2020 02:22:00 Asia/Tokyo] デバッグ：自分のお気に入り情報を取得します。
[10-Mar-2020 02:22:00 Asia/Tokyo] デバッグ：ユーザーID：6
[10-Mar-2020 02:22:00 Asia/Tokyo] デバッグ：クエリ成功。
[10-Mar-2020 02:22:00 Asia/Tokyo] デバッグ：取得した商品データ：Array
(
)

[10-Mar-2020 02:22:00 Asia/Tokyo] デバッグ：取得した掲示板データ：Array
(
)

[10-Mar-2020 02:22:00 Asia/Tokyo] デバッグ：取得したお気に入りデータ：Array
(
)

[10-Mar-2020 02:22:00 Asia/Tokyo] デバッグ：画面表示処理終了 <<<<<<<<<<<<<<<<<<<<<<<<<<<<<<<<<<<<<<<<<<<<<<<<
[10-Mar-2020 02:22:02 Asia/Tokyo] デバッグ：「「「「「「「「「「「「「「「「「「「「「「「「「「「「「「「「「「「「「「「「
[10-Mar-2020 02:22:02 Asia/Tokyo] デバッグ：「　商品出品登録ページ　
[10-Mar-2020 02:22:02 Asia/Tokyo] デバッグ：「「「「「「「「「「「「「「「「「「「「「「「「「「「「「「「「「「「「「「「「
[10-Mar-2020 02:22:02 Asia/Tokyo] デバッグ：>>>>>>>>>>>>>>>>>>>>>>>>>>>>>>>>>>>>>>>>>>>>>>>> 画面表示処理開始
[10-Mar-2020 02:22:02 Asia/Tokyo] デバッグ：セッションID：9u3ve3bf1905qqe0fi5ate2624
[10-Mar-2020 02:22:02 Asia/Tokyo] デバッグ：セッション変数の中身：Array
(
    [login_date] => 1583774520
    [login_limit] => 3600
    [user_id] => 6
)

[10-Mar-2020 02:22:02 Asia/Tokyo] デバッグ：現在日時タイムスタンプ：1583774522
[10-Mar-2020 02:22:02 Asia/Tokyo] デバッグ：ログイン期限日時タイムスタンプ：1583778120
[10-Mar-2020 02:22:02 Asia/Tokyo] デバッグ：ログイン済みユーザーです。
[10-Mar-2020 02:22:02 Asia/Tokyo] デバッグ：ログイン有効期限以内です。
[10-Mar-2020 02:22:02 Asia/Tokyo] デバッグ：カテゴリー情報を取得します。
[10-Mar-2020 02:22:02 Asia/Tokyo] デバッグ：クエリ成功。
[10-Mar-2020 02:22:02 Asia/Tokyo] デバッグ：商品ID：
[10-Mar-2020 02:22:02 Asia/Tokyo] デバッグ：フォーム用DBデータ：
[10-Mar-2020 02:22:02 Asia/Tokyo] デバッグ：カテゴリデータ：Array
(
    [0] => Array
        (
            [id] => 1
            [name] => スマホ
            [delete_flg] => 0
            [create_date] => 2019-10-26 00:00:00
            [update_date] => 2019-10-27 14:12:16
        )

    [1] => Array
        (
            [id] => 2
            [name] => 机
            [delete_flg] => 0
            [create_date] => 2019-10-26 00:00:00
            [update_date] => 2019-10-27 14:12:44
        )

)

[10-Mar-2020 02:22:02 Asia/Tokyo] デバッグ：画面表示処理終了 <<<<<<<<<<<<<<<<<<<<<<<<<<<<<<<<<<<<<<<<<<<<<<<<
